2026-06-10 10:56:38.588 | INFO     | main:<module>:39 - Application startup
2026-06-10 10:56:39.587 | INFO     | main:__init__:112 - NLP model loaded successfully.
2026-06-10 10:56:39.655 | INFO     | main:__init__:140 - CV model loaded successfully.
2026-06-10 10:56:41.120 | WARNING  | main:__init__:216 - pyttsx3 initialization failed. Text-to-speech will be disabled.
2026-06-10 10:56:41.121 | INFO     | main:__init__:218 - Speech processor initialized successfully.
2026-06-10 10:56:42.248 | INFO     | main:__init__:112 - NLP model loaded successfully.
2026-06-10 10:56:42.249 | DEBUG    | main:generate_text:120 - Generating text for prompt: Hello
2026-06-10 10:56:44.451 | INFO     | main:generate_text:125 - Generated response: Hello, Hello. Hello, Hello. Hello. Hello. Hello. Hello. Hello. Hello. Hello. Hello. Hello. Hello. Hello. Hello. Hello. Hello. Hello. Hello. Hello. Hello. Hello. Hello. Hello. Hello. Hello. Hello. Hello. Hello. Hello. Hello. Hello. Hello. Hello. Hello. Hello. Hello. Hello. Hello. Hello. Hello. Hello. Hello. Hello. Hello. Hello. Hello. Hello. Hello
2026-06-10 10:56:45.262 | INFO     | main:__init__:112 - NLP model loaded successfully.
2026-06-10 10:56:45.321 | INFO     | main:__init__:140 - CV model loaded successfully.
2026-06-10 10:56:46.815 | WARNING  | main:__init__:216 - pyttsx3 initialization failed. Text-to-speech will be disabled.
2026-06-10 10:56:46.815 | INFO     | main:__init__:218 - Speech processor initialized successfully.
2026-06-10 10:56:46.816 | DEBUG    | main:generate_text:120 - Generating text for prompt: Hello
2026-06-10 10:56:51.360 | INFO     | main:generate_text:125 - Generated response: Hello, Hello. Hello, Hello. Hello. Hello. Hello. Hello. Hello. Hello. Hello. Hello. Hello. Hello. Hello. Hello. Hello. Hello. Hello. Hello. Hello. Hello. Hello. Hello. Hello. Hello. Hello. Hello. Hello. Hello. Hello. Hello. Hello. Hello. Hello. Hello. Hello. Hello. Hello. Hello. Hello. Hello. Hello. Hello. Hello. Hello. Hello. Hello. Hello. Hello
2026-06-10 10:56:52.572 | INFO     | main:__init__:112 - NLP model loaded successfully.
2026-06-10 10:56:52.636 | INFO     | main:__init__:140 - CV model loaded successfully.
2026-06-10 10:56:54.107 | WARNING  | main:__init__:216 - pyttsx3 initialization failed. Text-to-speech will be disabled.
2026-06-10 10:56:54.107 | INFO     | main:__init__:218 - Speech processor initialized successfully.
2026-06-10 10:56:54.109 | DEBUG    | main:detect_objects:147 - Detecting objects in the image.
2026-06-10 10:56:54.496 | INFO     | main:detect_objects:150 - Object detection completed successfully.
2026-06-10 10:56:55.397 | INFO     | main:__init__:112 - NLP model loaded successfully.
2026-06-10 10:56:55.468 | INFO     | main:__init__:140 - CV model loaded successfully.
2026-06-10 10:56:57.074 | WARNING  | main:__init__:216 - pyttsx3 initialization failed. Text-to-speech will be disabled.
2026-06-10 10:56:57.075 | INFO     | main:__init__:218 - Speech processor initialized successfully.
2026-06-10 10:56:57.078 | DEBUG    | main:speech_to_text:226 - Processing speech-to-text.
2026-06-10 10:56:57.079 | ERROR    | main:speech_to_text:232 - Error during speech-to-text conversion: [Errno 2] No such file or directory: 'ffmpeg'
