2026-06-10 10:54:16.885 | INFO     | main:<module>:39 - Application startup
2026-06-10 10:54:17.962 | INFO     | main:__init__:112 - NLP model loaded successfully.
2026-06-10 10:54:18.031 | INFO     | main:__init__:140 - CV model loaded successfully.
2026-06-10 10:54:19.531 | WARNING  | main:__init__:216 - pyttsx3 initialization failed. Text-to-speech will be disabled.
2026-06-10 10:54:19.532 | INFO     | main:__init__:218 - Speech processor initialized successfully.
2026-06-10 10:54:19.935 | INFO     | main:__init__:140 - CV model loaded successfully.
2026-06-10 10:54:19.936 | DEBUG    | main:detect_objects:147 - Detecting objects in the image.
2026-06-10 10:54:20.234 | INFO     | main:detect_objects:150 - Object detection completed successfully.
2026-06-10 10:54:20.296 | INFO     | main:__init__:140 - CV model loaded successfully.
2026-06-10 10:54:20.308 | DEBUG    | main:generate_text:120 - Generating text for prompt: test
2026-06-10 10:54:20.433 | INFO     | main:generate_text:125 - Generated response: test
2026-06-10 10:54:20.456 | DEBUG    | main:detect_objects:147 - Detecting objects in the image.
2026-06-10 10:54:20.683 | INFO     | main:detect_objects:150 - Object detection completed successfully.
2026-06-10 10:54:20.696 | DEBUG    | main:speech_to_text:226 - Processing speech-to-text.
2026-06-10 10:54:20.696 | INFO     | main:speech_to_text:229 - Speech-to-text conversion completed successfully.
2026-06-10 10:54:21.559 | INFO     | main:__init__:112 - NLP model loaded successfully.
2026-06-10 10:54:21.625 | INFO     | main:__init__:140 - CV model loaded successfully.
2026-06-10 10:54:21.628 | WARNING  | main:__init__:216 - pyttsx3 initialization failed. Text-to-speech will be disabled.
2026-06-10 10:54:21.629 | INFO     | main:__init__:218 - Speech processor initialized successfully.
2026-06-10 10:54:21.629 | DEBUG    | main:generate_text:120 - Generating text for prompt: Hello
2026-06-10 10:54:25.837 | INFO     | main:generate_text:125 - Generated response: Hello, Hello. Hello, Hello. Hello. Hello. Hello. Hello. Hello. Hello. Hello. Hello. Hello. Hello. Hello. Hello. Hello. Hello. Hello. Hello. Hello. Hello. Hello. Hello. Hello. Hello. Hello. Hello. Hello. Hello. Hello. Hello. Hello. Hello. Hello. Hello. Hello. Hello. Hello. Hello. Hello. Hello. Hello. Hello. Hello. Hello. Hello. Hello. Hello. Hello
2026-06-10 10:54:26.901 | INFO     | main:__init__:112 - NLP model loaded successfully.
2026-06-10 10:54:26.960 | INFO     | main:__init__:140 - CV model loaded successfully.
2026-06-10 10:54:26.963 | WARNING  | main:__init__:216 - pyttsx3 initialization failed. Text-to-speech will be disabled.
2026-06-10 10:54:26.963 | INFO     | main:__init__:218 - Speech processor initialized successfully.
2026-06-10 10:54:26.964 | DEBUG    | main:detect_objects:147 - Detecting objects in the image.
2026-06-10 10:54:27.189 | INFO     | main:detect_objects:150 - Object detection completed successfully.
2026-06-10 10:54:28.028 | INFO     | main:__init__:112 - NLP model loaded successfully.
2026-06-10 10:54:28.088 | INFO     | main:__init__:140 - CV model loaded successfully.
2026-06-10 10:54:28.091 | WARNING  | main:__init__:216 - pyttsx3 initialization failed. Text-to-speech will be disabled.
2026-06-10 10:54:28.092 | INFO     | main:__init__:218 - Speech processor initialized successfully.
2026-06-10 10:54:28.092 | DEBUG    | main:speech_to_text:226 - Processing speech-to-text.
2026-06-10 10:54:28.093 | INFO     | main:speech_to_text:229 - Speech-to-text conversion completed successfully.
2026-06-10 10:54:29.156 | INFO     | main:__init__:112 - NLP model loaded successfully.
2026-06-10 10:54:29.157 | DEBUG    | main:generate_text:120 - Generating text for prompt: Hello
2026-06-10 10:54:32.473 | INFO     | main:generate_text:125 - Generated response: Hello, Hello. Hello, Hello. Hello. Hello. Hello. Hello. Hello. Hello. Hello. Hello. Hello. Hello. Hello. Hello. Hello. Hello. Hello. Hello. Hello. Hello. Hello. Hello. Hello. Hello. Hello. Hello. Hello. Hello. Hello. Hello. Hello. Hello. Hello. Hello. Hello. Hello. Hello. Hello. Hello. Hello. Hello. Hello. Hello. Hello. Hello. Hello. Hello. Hello
2026-06-10 10:54:32.487 | WARNING  | main:__init__:216 - pyttsx3 initialization failed. Text-to-speech will be disabled.
2026-06-10 10:54:32.488 | INFO     | main:__init__:218 - Speech processor initialized successfully.
2026-06-10 10:54:32.488 | DEBUG    | main:speech_to_text:226 - Processing speech-to-text.
2026-06-10 10:54:32.488 | INFO     | main:speech_to_text:229 - Speech-to-text conversion completed successfully.
2026-06-10 10:54:32.495 | WARNING  | main:__init__:216 - pyttsx3 initialization failed. Text-to-speech will be disabled.
2026-06-10 10:54:32.495 | INFO     | main:__init__:218 - Speech processor initialized successfully.
2026-06-10 10:54:32.496 | DEBUG    | main:text_to_speech:246 - Processing text-to-speech.
2026-06-10 10:54:32.496 | INFO     | main:text_to_speech:251 - Text-to-speech conversion completed successfully.
2026-06-10 10:54:32.501 | WARNING  | main:__init__:216 - pyttsx3 initialization failed. Text-to-speech will be disabled.
2026-06-10 10:54:32.501 | INFO     | main:__init__:218 - Speech processor initialized successfully.
