2026-06-13 20:45:02.933 | INFO     | main:<module>:39 - Application startup
2026-06-13 20:45:03.905 | INFO     | main:__init__:106 - NLP model loaded successfully.
2026-06-13 20:45:03.969 | INFO     | main:__init__:134 - CV model loaded successfully.
2026-06-13 20:45:05.493 | INFO     | main:__init__:210 - Speech processor initialized successfully.
2026-06-13 20:45:05.616 | INFO     | main:__init__:134 - CV model loaded successfully.
2026-06-13 20:45:05.617 | DEBUG    | main:detect_objects:141 - Detecting objects in the image.
2026-06-13 20:45:06.130 | INFO     | main:detect_objects:144 - Object detection completed successfully.
2026-06-13 20:45:06.189 | INFO     | main:__init__:134 - CV model loaded successfully.
2026-06-13 20:45:06.200 | DEBUG    | main:generate_text:114 - Generating text for prompt: test
2026-06-13 20:45:06.297 | INFO     | main:generate_text:119 - Generated response: test
2026-06-13 20:45:06.314 | DEBUG    | main:detect_objects:141 - Detecting objects in the image.
2026-06-13 20:45:06.493 | INFO     | main:detect_objects:144 - Object detection completed successfully.
2026-06-13 20:45:06.505 | DEBUG    | main:speech_to_text:218 - Processing speech-to-text.
2026-06-13 20:45:09.891 | INFO     | main:speech_to_text:221 - Speech-to-text conversion completed successfully.
2026-06-13 20:45:10.793 | INFO     | main:__init__:106 - NLP model loaded successfully.
2026-06-13 20:45:10.850 | INFO     | main:__init__:134 - CV model loaded successfully.
2026-06-13 20:45:12.235 | INFO     | main:__init__:210 - Speech processor initialized successfully.
2026-06-13 20:45:12.236 | DEBUG    | main:generate_text:114 - Generating text for prompt: Hello
2026-06-13 20:45:15.453 | INFO     | main:generate_text:119 - Generated response: Hello, Hello. Hello, Hello. Hello. Hello. Hello. Hello. Hello. Hello. Hello. Hello. Hello. Hello. Hello. Hello. Hello. Hello. Hello. Hello. Hello. Hello. Hello. Hello. Hello. Hello. Hello. Hello. Hello. Hello. Hello. Hello. Hello. Hello. Hello. Hello. Hello. Hello. Hello. Hello. Hello. Hello. Hello. Hello. Hello. Hello. Hello. Hello. Hello. Hello
2026-06-13 20:45:16.524 | INFO     | main:__init__:106 - NLP model loaded successfully.
2026-06-13 20:45:16.580 | INFO     | main:__init__:134 - CV model loaded successfully.
2026-06-13 20:45:17.961 | INFO     | main:__init__:210 - Speech processor initialized successfully.
2026-06-13 20:45:17.962 | DEBUG    | main:detect_objects:141 - Detecting objects in the image.
2026-06-13 20:45:18.151 | INFO     | main:detect_objects:144 - Object detection completed successfully.
2026-06-13 20:45:18.949 | INFO     | main:__init__:106 - NLP model loaded successfully.
2026-06-13 20:45:19.006 | INFO     | main:__init__:134 - CV model loaded successfully.
2026-06-13 20:45:20.388 | INFO     | main:__init__:210 - Speech processor initialized successfully.
2026-06-13 20:45:20.391 | DEBUG    | main:speech_to_text:218 - Processing speech-to-text.
2026-06-13 20:45:21.597 | INFO     | main:speech_to_text:221 - Speech-to-text conversion completed successfully.
2026-06-13 20:45:22.640 | INFO     | main:__init__:106 - NLP model loaded successfully.
2026-06-13 20:45:22.640 | DEBUG    | main:generate_text:114 - Generating text for prompt: Hello
2026-06-13 20:45:24.211 | INFO     | main:generate_text:119 - Generated response: Hello, Hello. Hello, Hello. Hello. Hello. Hello. Hello. Hello. Hello. Hello. Hello. Hello. Hello. Hello. Hello. Hello. Hello. Hello. Hello. Hello. Hello. Hello. Hello. Hello. Hello. Hello. Hello. Hello. Hello. Hello. Hello. Hello. Hello. Hello. Hello. Hello. Hello. Hello. Hello. Hello. Hello. Hello. Hello. Hello. Hello. Hello. Hello. Hello. Hello
2026-06-13 20:45:25.586 | INFO     | main:__init__:210 - Speech processor initialized successfully.
2026-06-13 20:45:25.587 | DEBUG    | main:speech_to_text:218 - Processing speech-to-text.
2026-06-13 20:45:26.588 | INFO     | main:speech_to_text:221 - Speech-to-text conversion completed successfully.
2026-06-13 20:45:27.869 | INFO     | main:__init__:210 - Speech processor initialized successfully.
2026-06-13 20:45:27.869 | DEBUG    | main:text_to_speech:238 - Processing text-to-speech.
2026-06-13 20:45:27.882 | INFO     | main:text_to_speech:243 - Text-to-speech conversion completed successfully.
2026-06-13 20:45:29.171 | INFO     | main:__init__:210 - Speech processor initialized successfully.
