2026-06-08 17:57:25.224 | INFO     | main:<module>:39 - Application startup
2026-06-08 17:57:26.223 | INFO     | main:__init__:102 - NLP model loaded successfully.
2026-06-08 17:57:26.290 | INFO     | main:__init__:130 - CV model loaded successfully.
2026-06-08 17:57:27.742 | INFO     | main:__init__:177 - Speech processor initialized successfully.
2026-06-08 17:57:27.865 | INFO     | main:__init__:130 - CV model loaded successfully.
2026-06-08 17:57:27.865 | DEBUG    | main:detect_objects:137 - Detecting objects in the image.
2026-06-08 17:57:28.414 | INFO     | main:detect_objects:140 - Object detection completed successfully.
2026-06-08 17:57:28.477 | INFO     | main:__init__:130 - CV model loaded successfully.
2026-06-08 17:57:28.486 | DEBUG    | main:generate_text:110 - Generating text for prompt: test
2026-06-08 17:57:28.614 | INFO     | main:generate_text:115 - Generated response: test
2026-06-08 17:57:28.630 | DEBUG    | main:detect_objects:137 - Detecting objects in the image.
2026-06-08 17:57:28.843 | INFO     | main:detect_objects:140 - Object detection completed successfully.
2026-06-08 17:57:28.854 | DEBUG    | main:speech_to_text:185 - Processing speech-to-text.
2026-06-08 17:57:30.436 | INFO     | main:speech_to_text:188 - Speech-to-text conversion completed successfully.
2026-06-08 17:57:31.226 | INFO     | main:__init__:102 - NLP model loaded successfully.
2026-06-08 17:57:31.286 | INFO     | main:__init__:130 - CV model loaded successfully.
2026-06-08 17:57:32.745 | INFO     | main:__init__:177 - Speech processor initialized successfully.
2026-06-08 17:57:32.747 | DEBUG    | main:generate_text:110 - Generating text for prompt: Hello
2026-06-08 17:57:36.579 | INFO     | main:generate_text:115 - Generated response: Hello, Hello. Hello, Hello. Hello. Hello. Hello. Hello. Hello. Hello. Hello. Hello. Hello. Hello. Hello. Hello. Hello. Hello. Hello. Hello. Hello. Hello. Hello. Hello. Hello. Hello. Hello. Hello. Hello. Hello. Hello. Hello. Hello. Hello. Hello. Hello. Hello. Hello. Hello. Hello. Hello. Hello. Hello. Hello. Hello. Hello. Hello. Hello. Hello. Hello
2026-06-08 17:57:37.708 | INFO     | main:__init__:102 - NLP model loaded successfully.
2026-06-08 17:57:37.779 | INFO     | main:__init__:130 - CV model loaded successfully.
2026-06-08 17:57:39.208 | INFO     | main:__init__:177 - Speech processor initialized successfully.
2026-06-08 17:57:39.209 | DEBUG    | main:detect_objects:137 - Detecting objects in the image.
2026-06-08 17:57:39.407 | INFO     | main:detect_objects:140 - Object detection completed successfully.
2026-06-08 17:57:40.256 | INFO     | main:__init__:102 - NLP model loaded successfully.
2026-06-08 17:57:40.314 | INFO     | main:__init__:130 - CV model loaded successfully.
2026-06-08 17:57:41.734 | INFO     | main:__init__:177 - Speech processor initialized successfully.
2026-06-08 17:57:41.737 | DEBUG    | main:speech_to_text:185 - Processing speech-to-text.
2026-06-08 17:57:42.995 | INFO     | main:speech_to_text:188 - Speech-to-text conversion completed successfully.
2026-06-08 17:57:44.140 | INFO     | main:__init__:102 - NLP model loaded successfully.
2026-06-08 17:57:44.140 | DEBUG    | main:generate_text:110 - Generating text for prompt: Hello
2026-06-08 17:57:45.897 | INFO     | main:generate_text:115 - Generated response: Hello, Hello. Hello, Hello. Hello. Hello. Hello. Hello. Hello. Hello. Hello. Hello. Hello. Hello. Hello. Hello. Hello. Hello. Hello. Hello. Hello. Hello. Hello. Hello. Hello. Hello. Hello. Hello. Hello. Hello. Hello. Hello. Hello. Hello. Hello. Hello. Hello. Hello. Hello. Hello. Hello. Hello. Hello. Hello. Hello. Hello. Hello. Hello. Hello. Hello
2026-06-08 17:57:47.319 | INFO     | main:__init__:177 - Speech processor initialized successfully.
2026-06-08 17:57:47.320 | DEBUG    | main:speech_to_text:185 - Processing speech-to-text.
2026-06-08 17:57:48.447 | INFO     | main:speech_to_text:188 - Speech-to-text conversion completed successfully.
2026-06-08 17:57:49.793 | INFO     | main:__init__:177 - Speech processor initialized successfully.
2026-06-08 17:57:49.794 | DEBUG    | main:text_to_speech:205 - Processing text-to-speech.
2026-06-08 17:57:49.806 | INFO     | main:text_to_speech:208 - Text-to-speech conversion completed successfully.
2026-06-08 17:57:51.149 | INFO     | main:__init__:177 - Speech processor initialized successfully.
