2026-06-12 08:15:40.991 | INFO     | main:<module>:39 - Application startup
2026-06-12 08:15:41.949 | INFO     | main:__init__:106 - NLP model loaded successfully.
2026-06-12 08:15:42.017 | INFO     | main:__init__:134 - CV model loaded successfully.
2026-06-12 08:15:43.465 | INFO     | main:__init__:210 - Speech processor initialized successfully.
2026-06-12 08:15:43.829 | INFO     | main:__init__:134 - CV model loaded successfully.
2026-06-12 08:15:43.830 | DEBUG    | main:detect_objects:141 - Detecting objects in the image.
2026-06-12 08:15:44.412 | INFO     | main:detect_objects:144 - Object detection completed successfully.
2026-06-12 08:15:44.558 | INFO     | main:__init__:134 - CV model loaded successfully.
2026-06-12 08:15:44.575 | DEBUG    | main:generate_text:114 - Generating text for prompt: test
2026-06-12 08:15:44.761 | INFO     | main:generate_text:119 - Generated response: test
2026-06-12 08:15:44.788 | DEBUG    | main:detect_objects:141 - Detecting objects in the image.
2026-06-12 08:15:45.115 | INFO     | main:detect_objects:144 - Object detection completed successfully.
2026-06-12 08:15:45.136 | DEBUG    | main:speech_to_text:218 - Processing speech-to-text.
2026-06-12 08:15:47.564 | INFO     | main:speech_to_text:221 - Speech-to-text conversion completed successfully.
2026-06-12 08:15:48.624 | INFO     | main:__init__:106 - NLP model loaded successfully.
2026-06-12 08:15:48.683 | INFO     | main:__init__:134 - CV model loaded successfully.
2026-06-12 08:15:50.161 | INFO     | main:__init__:210 - Speech processor initialized successfully.
2026-06-12 08:15:50.163 | DEBUG    | main:generate_text:114 - Generating text for prompt: Hello
2026-06-12 08:15:53.955 | INFO     | main:generate_text:119 - Generated response: Hello, Hello. Hello, Hello. Hello. Hello. Hello. Hello. Hello. Hello. Hello. Hello. Hello. Hello. Hello. Hello. Hello. Hello. Hello. Hello. Hello. Hello. Hello. Hello. Hello. Hello. Hello. Hello. Hello. Hello. Hello. Hello. Hello. Hello. Hello. Hello. Hello. Hello. Hello. Hello. Hello. Hello. Hello. Hello. Hello. Hello. Hello. Hello. Hello. Hello
2026-06-12 08:15:54.733 | INFO     | main:__init__:106 - NLP model loaded successfully.
2026-06-12 08:15:54.795 | INFO     | main:__init__:134 - CV model loaded successfully.
2026-06-12 08:15:56.232 | INFO     | main:__init__:210 - Speech processor initialized successfully.
2026-06-12 08:15:56.233 | DEBUG    | main:detect_objects:141 - Detecting objects in the image.
2026-06-12 08:15:56.431 | INFO     | main:detect_objects:144 - Object detection completed successfully.
2026-06-12 08:15:57.492 | INFO     | main:__init__:106 - NLP model loaded successfully.
2026-06-12 08:15:57.553 | INFO     | main:__init__:134 - CV model loaded successfully.
2026-06-12 08:15:58.977 | INFO     | main:__init__:210 - Speech processor initialized successfully.
2026-06-12 08:15:58.979 | DEBUG    | main:speech_to_text:218 - Processing speech-to-text.
2026-06-12 08:16:00.395 | INFO     | main:speech_to_text:221 - Speech-to-text conversion completed successfully.
2026-06-12 08:16:01.225 | INFO     | main:__init__:106 - NLP model loaded successfully.
2026-06-12 08:16:01.225 | DEBUG    | main:generate_text:114 - Generating text for prompt: Hello
2026-06-12 08:16:03.167 | INFO     | main:generate_text:119 - Generated response: Hello, Hello. Hello, Hello. Hello. Hello. Hello. Hello. Hello. Hello. Hello. Hello. Hello. Hello. Hello. Hello. Hello. Hello. Hello. Hello. Hello. Hello. Hello. Hello. Hello. Hello. Hello. Hello. Hello. Hello. Hello. Hello. Hello. Hello. Hello. Hello. Hello. Hello. Hello. Hello. Hello. Hello. Hello. Hello. Hello. Hello. Hello. Hello. Hello. Hello
2026-06-12 08:16:04.580 | INFO     | main:__init__:210 - Speech processor initialized successfully.
2026-06-12 08:16:04.581 | DEBUG    | main:speech_to_text:218 - Processing speech-to-text.
2026-06-12 08:16:05.705 | INFO     | main:speech_to_text:221 - Speech-to-text conversion completed successfully.
2026-06-12 08:16:07.044 | INFO     | main:__init__:210 - Speech processor initialized successfully.
2026-06-12 08:16:07.045 | DEBUG    | main:text_to_speech:238 - Processing text-to-speech.
2026-06-12 08:16:07.055 | INFO     | main:text_to_speech:243 - Text-to-speech conversion completed successfully.
2026-06-12 08:16:08.405 | INFO     | main:__init__:210 - Speech processor initialized successfully.
