2026-06-12 07:56:51.452 | INFO     | main:<module>:39 - Application startup
2026-06-12 07:57:08.463 | INFO     | main:__init__:106 - NLP model loaded successfully.
2026-06-12 07:57:08.646 | INFO     | main:__init__:134 - CV model loaded successfully.
2026-06-12 07:57:18.636 | WARNING  | main:__init__:208 - pyttsx3 initialization failed. Text-to-speech will be disabled.
2026-06-12 07:57:18.636 | INFO     | main:__init__:210 - Speech processor initialized successfully.
2026-06-12 07:57:18.777 | INFO     | main:__init__:134 - CV model loaded successfully.
2026-06-12 07:57:18.778 | DEBUG    | main:detect_objects:141 - Detecting objects in the image.
2026-06-12 07:57:19.119 | INFO     | main:detect_objects:144 - Object detection completed successfully.
2026-06-12 07:57:19.180 | INFO     | main:__init__:134 - CV model loaded successfully.
2026-06-12 07:57:19.190 | DEBUG    | main:generate_text:114 - Generating text for prompt: test
2026-06-12 07:57:19.309 | INFO     | main:generate_text:119 - Generated response: test
2026-06-12 07:57:19.331 | DEBUG    | main:detect_objects:141 - Detecting objects in the image.
2026-06-12 07:57:19.746 | INFO     | main:detect_objects:144 - Object detection completed successfully.
2026-06-12 07:57:19.756 | DEBUG    | main:speech_to_text:218 - Processing speech-to-text.
2026-06-12 07:57:19.770 | ERROR    | main:speech_to_text:224 - Error during speech-to-text conversion: [Errno 2] No such file or directory: 'ffmpeg'
2026-06-12 07:57:21.170 | INFO     | main:__init__:106 - NLP model loaded successfully.
2026-06-12 07:57:21.171 | DEBUG    | main:generate_text:114 - Generating text for prompt: Hello
2026-06-12 07:57:22.861 | INFO     | main:generate_text:119 - Generated response: Hello, Hello. Hello, Hello. Hello. Hello. Hello. Hello. Hello. Hello. Hello. Hello. Hello. Hello. Hello. Hello. Hello. Hello. Hello. Hello. Hello. Hello. Hello. Hello. Hello. Hello. Hello. Hello. Hello. Hello. Hello. Hello. Hello. Hello. Hello. Hello. Hello. Hello. Hello. Hello. Hello. Hello. Hello. Hello. Hello. Hello. Hello. Hello. Hello. Hello
2026-06-12 07:57:24.777 | WARNING  | main:__init__:208 - pyttsx3 initialization failed. Text-to-speech will be disabled.
2026-06-12 07:57:24.778 | INFO     | main:__init__:210 - Speech processor initialized successfully.
2026-06-12 07:57:24.779 | DEBUG    | main:speech_to_text:218 - Processing speech-to-text.
2026-06-12 07:57:24.781 | ERROR    | main:speech_to_text:224 - Error during speech-to-text conversion: [Errno 2] No such file or directory: 'ffmpeg'
2026-06-12 07:57:26.395 | WARNING  | main:__init__:208 - pyttsx3 initialization failed. Text-to-speech will be disabled.
2026-06-12 07:57:26.396 | INFO     | main:__init__:210 - Speech processor initialized successfully.
2026-06-12 07:57:26.396 | DEBUG    | main:text_to_speech:238 - Processing text-to-speech.
2026-06-12 07:57:26.397 | INFO     | main:text_to_speech:243 - Text-to-speech conversion completed successfully.
2026-06-12 07:57:27.878 | WARNING  | main:__init__:208 - pyttsx3 initialization failed. Text-to-speech will be disabled.
2026-06-12 07:57:27.879 | INFO     | main:__init__:210 - Speech processor initialized successfully.
