2026-06-12 08:08:34.222 | INFO     | main:<module>:39 - Application startup
2026-06-12 08:08:35.615 | INFO     | main:__init__:106 - NLP model loaded successfully.
2026-06-12 08:08:35.687 | INFO     | main:__init__:134 - CV model loaded successfully.
2026-06-12 08:08:39.292 | INFO     | main:__init__:210 - Speech processor initialized successfully.
2026-06-12 08:08:39.650 | INFO     | main:__init__:134 - CV model loaded successfully.
2026-06-12 08:08:39.651 | DEBUG    | main:detect_objects:141 - Detecting objects in the image.
2026-06-12 08:08:39.963 | INFO     | main:detect_objects:144 - Object detection completed successfully.
2026-06-12 08:08:40.025 | INFO     | main:__init__:134 - CV model loaded successfully.
2026-06-12 08:08:40.035 | DEBUG    | main:generate_text:114 - Generating text for prompt: test
2026-06-12 08:08:40.172 | INFO     | main:generate_text:119 - Generated response: test
2026-06-12 08:08:40.189 | DEBUG    | main:detect_objects:141 - Detecting objects in the image.
2026-06-12 08:08:40.437 | INFO     | main:detect_objects:144 - Object detection completed successfully.
2026-06-12 08:08:40.448 | DEBUG    | main:speech_to_text:218 - Processing speech-to-text.
2026-06-12 08:08:40.738 | ERROR    | main:speech_to_text:224 - Error during speech-to-text conversion: Failed to load audio: ffmpeg version 6.1.1-3ubuntu5 Copyright (c) 2000-2023 the FFmpeg developers
  built with gcc 13 (Ubuntu 13.2.0-23ubuntu3)
  configuration: --prefix=/usr --extra-version=3ubuntu5 --toolchain=hardened --libdir=/usr/lib/x86_64-linux-gnu --incdir=/usr/include/x86_64-linux-gnu --arch=amd64 --enable-gpl --disable-stripping --disable-omx --enable-gnutls --enable-libaom --enable-libass --enable-libbs2b --enable-libcaca --enable-libcdio --enable-libcodec2 --enable-libdav1d --enable-libflite --enable-libfontconfig --enable-libfreetype --enable-libfribidi --enable-libglslang --enable-libgme --enable-libgsm --enable-libharfbuzz --enable-libmp3lame --enable-libmysofa --enable-libopenjpeg --enable-libopenmpt --enable-libopus --enable-librubberband --enable-libshine --enable-libsnappy --enable-libsoxr --enable-libspeex --enable-libtheora --enable-libtwolame --enable-libvidstab --enable-libvorbis --enable-libvpx --enable-libwebp --enable-libx265 --enable-libxml2 --enable-libxvid --enable-libzimg --enable-openal --enable-opencl --enable-opengl --disable-sndio --enable-libvpl --disable-libmfx --enable-libdc1394 --enable-libdrm --enable-libiec61883 --enable-chromaprint --enable-frei0r --enable-ladspa --enable-libbluray --enable-libjack --enable-libpulse --enable-librabbitmq --enable-librist --enable-libsrt --enable-libssh --enable-libsvtav1 --enable-libx264 --enable-libzmq --enable-libzvbi --enable-lv2 --enable-sdl2 --enable-libplacebo --enable-librav1e --enable-pocketsphinx --enable-librsvg --enable-libjxl --enable-shared
  libavutil      58. 29.100 / 58. 29.100
  libavcodec     60. 31.102 / 60. 31.102
  libavformat    60. 16.100 / 60. 16.100
  libavdevice    60.  3.100 / 60.  3.100
  libavfilter     9. 12.100 /  9. 12.100
  libswscale      7.  5.100 /  7.  5.100
  libswresample   4. 12.100 /  4. 12.100
  libpostproc    57.  3.100 / 57.  3.100
[in#0 @ 0x55fcfb3f7240] Error opening input: Invalid data found when processing input
Error opening input file /tmp/tmpssnuvzmo.wav.
Error opening input files: Invalid data found when processing input

2026-06-12 08:08:41.677 | INFO     | main:__init__:106 - NLP model loaded successfully.
2026-06-12 08:08:41.738 | INFO     | main:__init__:134 - CV model loaded successfully.
2026-06-12 08:08:45.165 | INFO     | main:__init__:210 - Speech processor initialized successfully.
2026-06-12 08:08:45.166 | DEBUG    | main:generate_text:114 - Generating text for prompt: Hello
2026-06-12 08:08:48.745 | INFO     | main:generate_text:119 - Generated response: Hello, Hello. Hello, Hello. Hello. Hello. Hello. Hello. Hello. Hello. Hello. Hello. Hello. Hello. Hello. Hello. Hello. Hello. Hello. Hello. Hello. Hello. Hello. Hello. Hello. Hello. Hello. Hello. Hello. Hello. Hello. Hello. Hello. Hello. Hello. Hello. Hello. Hello. Hello. Hello. Hello. Hello. Hello. Hello. Hello. Hello. Hello. Hello. Hello. Hello
2026-06-12 08:08:49.819 | INFO     | main:__init__:106 - NLP model loaded successfully.
2026-06-12 08:08:49.877 | INFO     | main:__init__:134 - CV model loaded successfully.
2026-06-12 08:08:51.516 | INFO     | main:__init__:210 - Speech processor initialized successfully.
2026-06-12 08:08:51.517 | DEBUG    | main:detect_objects:141 - Detecting objects in the image.
2026-06-12 08:08:51.775 | INFO     | main:detect_objects:144 - Object detection completed successfully.
2026-06-12 08:08:52.688 | INFO     | main:__init__:106 - NLP model loaded successfully.
2026-06-12 08:08:52.747 | INFO     | main:__init__:134 - CV model loaded successfully.
2026-06-12 08:08:54.267 | INFO     | main:__init__:210 - Speech processor initialized successfully.
2026-06-12 08:08:54.269 | DEBUG    | main:speech_to_text:218 - Processing speech-to-text.
2026-06-12 08:08:54.340 | ERROR    | main:speech_to_text:224 - Error during speech-to-text conversion: Failed to load audio: ffmpeg version 6.1.1-3ubuntu5 Copyright (c) 2000-2023 the FFmpeg developers
  built with gcc 13 (Ubuntu 13.2.0-23ubuntu3)
  configuration: --prefix=/usr --extra-version=3ubuntu5 --toolchain=hardened --libdir=/usr/lib/x86_64-linux-gnu --incdir=/usr/include/x86_64-linux-gnu --arch=amd64 --enable-gpl --disable-stripping --disable-omx --enable-gnutls --enable-libaom --enable-libass --enable-libbs2b --enable-libcaca --enable-libcdio --enable-libcodec2 --enable-libdav1d --enable-libflite --enable-libfontconfig --enable-libfreetype --enable-libfribidi --enable-libglslang --enable-libgme --enable-libgsm --enable-libharfbuzz --enable-libmp3lame --enable-libmysofa --enable-libopenjpeg --enable-libopenmpt --enable-libopus --enable-librubberband --enable-libshine --enable-libsnappy --enable-libsoxr --enable-libspeex --enable-libtheora --enable-libtwolame --enable-libvidstab --enable-libvorbis --enable-libvpx --enable-libwebp --enable-libx265 --enable-libxml2 --enable-libxvid --enable-libzimg --enable-openal --enable-opencl --enable-opengl --disable-sndio --enable-libvpl --disable-libmfx --enable-libdc1394 --enable-libdrm --enable-libiec61883 --enable-chromaprint --enable-frei0r --enable-ladspa --enable-libbluray --enable-libjack --enable-libpulse --enable-librabbitmq --enable-librist --enable-libsrt --enable-libssh --enable-libsvtav1 --enable-libx264 --enable-libzmq --enable-libzvbi --enable-lv2 --enable-sdl2 --enable-libplacebo --enable-librav1e --enable-pocketsphinx --enable-librsvg --enable-libjxl --enable-shared
  libavutil      58. 29.100 / 58. 29.100
  libavcodec     60. 31.102 / 60. 31.102
  libavformat    60. 16.100 / 60. 16.100
  libavdevice    60.  3.100 / 60.  3.100
  libavfilter     9. 12.100 /  9. 12.100
  libswscale      7.  5.100 /  7.  5.100
  libswresample   4. 12.100 /  4. 12.100
  libpostproc    57.  3.100 / 57.  3.100
[in#0 @ 0x5617496bb240] Error opening input: Invalid data found when processing input
Error opening input file /tmp/tmplbx1jz54.wav.
Error opening input files: Invalid data found when processing input

2026-06-12 08:08:55.573 | INFO     | main:__init__:106 - NLP model loaded successfully.
2026-06-12 08:08:55.574 | DEBUG    | main:generate_text:114 - Generating text for prompt: Hello
2026-06-12 08:08:57.884 | INFO     | main:generate_text:119 - Generated response: Hello, Hello. Hello, Hello. Hello. Hello. Hello. Hello. Hello. Hello. Hello. Hello. Hello. Hello. Hello. Hello. Hello. Hello. Hello. Hello. Hello. Hello. Hello. Hello. Hello. Hello. Hello. Hello. Hello. Hello. Hello. Hello. Hello. Hello. Hello. Hello. Hello. Hello. Hello. Hello. Hello. Hello. Hello. Hello. Hello. Hello. Hello. Hello. Hello. Hello
2026-06-12 08:08:59.290 | INFO     | main:__init__:210 - Speech processor initialized successfully.
2026-06-12 08:08:59.291 | DEBUG    | main:speech_to_text:218 - Processing speech-to-text.
2026-06-12 08:08:59.360 | ERROR    | main:speech_to_text:224 - Error during speech-to-text conversion: Failed to load audio: ffmpeg version 6.1.1-3ubuntu5 Copyright (c) 2000-2023 the FFmpeg developers
  built with gcc 13 (Ubuntu 13.2.0-23ubuntu3)
  configuration: --prefix=/usr --extra-version=3ubuntu5 --toolchain=hardened --libdir=/usr/lib/x86_64-linux-gnu --incdir=/usr/include/x86_64-linux-gnu --arch=amd64 --enable-gpl --disable-stripping --disable-omx --enable-gnutls --enable-libaom --enable-libass --enable-libbs2b --enable-libcaca --enable-libcdio --enable-libcodec2 --enable-libdav1d --enable-libflite --enable-libfontconfig --enable-libfreetype --enable-libfribidi --enable-libglslang --enable-libgme --enable-libgsm --enable-libharfbuzz --enable-libmp3lame --enable-libmysofa --enable-libopenjpeg --enable-libopenmpt --enable-libopus --enable-librubberband --enable-libshine --enable-libsnappy --enable-libsoxr --enable-libspeex --enable-libtheora --enable-libtwolame --enable-libvidstab --enable-libvorbis --enable-libvpx --enable-libwebp --enable-libx265 --enable-libxml2 --enable-libxvid --enable-libzimg --enable-openal --enable-opencl --enable-opengl --disable-sndio --enable-libvpl --disable-libmfx --enable-libdc1394 --enable-libdrm --enable-libiec61883 --enable-chromaprint --enable-frei0r --enable-ladspa --enable-libbluray --enable-libjack --enable-libpulse --enable-librabbitmq --enable-librist --enable-libsrt --enable-libssh --enable-libsvtav1 --enable-libx264 --enable-libzmq --enable-libzvbi --enable-lv2 --enable-sdl2 --enable-libplacebo --enable-librav1e --enable-pocketsphinx --enable-librsvg --enable-libjxl --enable-shared
  libavutil      58. 29.100 / 58. 29.100
  libavcodec     60. 31.102 / 60. 31.102
  libavformat    60. 16.100 / 60. 16.100
  libavdevice    60.  3.100 / 60.  3.100
  libavfilter     9. 12.100 /  9. 12.100
  libswscale      7.  5.100 /  7.  5.100
  libswresample   4. 12.100 /  4. 12.100
  libpostproc    57.  3.100 / 57.  3.100
[in#0 @ 0x557e3dda9240] Error opening input: Invalid data found when processing input
Error opening input file /tmp/tmpv2ophhjr.wav.
Error opening input files: Invalid data found when processing input

2026-06-12 08:09:02.354 | INFO     | main:__init__:210 - Speech processor initialized successfully.
2026-06-12 08:09:02.355 | DEBUG    | main:text_to_speech:238 - Processing text-to-speech.
2026-06-12 08:09:02.366 | INFO     | main:text_to_speech:243 - Text-to-speech conversion completed successfully.
2026-06-12 08:09:03.801 | INFO     | main:__init__:210 - Speech processor initialized successfully.
