2026-06-10 10:40:40.238 | INFO     | main:<module>:39 - Application startup
2026-06-10 10:40:41.240 | INFO     | main:__init__:102 - NLP model loaded successfully.
2026-06-10 10:40:41.307 | INFO     | main:__init__:130 - CV model loaded successfully.
2026-06-10 10:40:42.831 | WARNING  | main:__init__:179 - pyttsx3 initialization failed. Text-to-speech will be disabled.
2026-06-10 10:40:42.832 | INFO     | main:__init__:181 - Speech processor initialized successfully.
2026-06-10 10:40:43.213 | INFO     | main:__init__:130 - CV model loaded successfully.
2026-06-10 10:40:43.215 | DEBUG    | main:detect_objects:137 - Detecting objects in the image.
2026-06-10 10:40:43.643 | INFO     | main:detect_objects:140 - Object detection completed successfully.
2026-06-10 10:40:43.742 | INFO     | main:__init__:130 - CV model loaded successfully.
2026-06-10 10:40:43.751 | DEBUG    | main:generate_text:110 - Generating text for prompt: test
2026-06-10 10:40:43.885 | INFO     | main:generate_text:115 - Generated response: test
2026-06-10 10:40:43.904 | DEBUG    | main:detect_objects:137 - Detecting objects in the image.
2026-06-10 10:40:44.199 | INFO     | main:detect_objects:140 - Object detection completed successfully.
2026-06-10 10:40:44.210 | DEBUG    | main:speech_to_text:189 - Processing speech-to-text.
2026-06-10 10:40:44.212 | ERROR    | main:speech_to_text:195 - Error during speech-to-text conversion: [Errno 2] No such file or directory: 'ffmpeg'
2026-06-10 10:40:45.149 | INFO     | main:__init__:102 - NLP model loaded successfully.
2026-06-10 10:40:45.207 | INFO     | main:__init__:130 - CV model loaded successfully.
2026-06-10 10:40:46.648 | WARNING  | main:__init__:179 - pyttsx3 initialization failed. Text-to-speech will be disabled.
2026-06-10 10:40:46.649 | INFO     | main:__init__:181 - Speech processor initialized successfully.
2026-06-10 10:40:46.649 | DEBUG    | main:generate_text:110 - Generating text for prompt: Hello
2026-06-10 10:40:50.631 | INFO     | main:generate_text:115 - Generated response: Hello, Hello. Hello, Hello. Hello. Hello. Hello. Hello. Hello. Hello. Hello. Hello. Hello. Hello. Hello. Hello. Hello. Hello. Hello. Hello. Hello. Hello. Hello. Hello. Hello. Hello. Hello. Hello. Hello. Hello. Hello. Hello. Hello. Hello. Hello. Hello. Hello. Hello. Hello. Hello. Hello. Hello. Hello. Hello. Hello. Hello. Hello. Hello. Hello. Hello
2026-06-10 10:40:51.758 | INFO     | main:__init__:102 - NLP model loaded successfully.
2026-06-10 10:40:51.817 | INFO     | main:__init__:130 - CV model loaded successfully.
2026-06-10 10:40:53.254 | WARNING  | main:__init__:179 - pyttsx3 initialization failed. Text-to-speech will be disabled.
2026-06-10 10:40:53.254 | INFO     | main:__init__:181 - Speech processor initialized successfully.
2026-06-10 10:40:53.256 | DEBUG    | main:detect_objects:137 - Detecting objects in the image.
2026-06-10 10:40:53.486 | INFO     | main:detect_objects:140 - Object detection completed successfully.
2026-06-10 10:40:54.325 | INFO     | main:__init__:102 - NLP model loaded successfully.
2026-06-10 10:40:54.384 | INFO     | main:__init__:130 - CV model loaded successfully.
2026-06-10 10:40:55.809 | WARNING  | main:__init__:179 - pyttsx3 initialization failed. Text-to-speech will be disabled.
2026-06-10 10:40:55.810 | INFO     | main:__init__:181 - Speech processor initialized successfully.
2026-06-10 10:40:55.812 | DEBUG    | main:speech_to_text:189 - Processing speech-to-text.
2026-06-10 10:40:55.813 | ERROR    | main:speech_to_text:195 - Error during speech-to-text conversion: [Errno 2] No such file or directory: 'ffmpeg'
2026-06-10 10:40:57.092 | INFO     | main:__init__:102 - NLP model loaded successfully.
2026-06-10 10:40:57.092 | DEBUG    | main:generate_text:110 - Generating text for prompt: Hello
2026-06-10 10:40:58.822 | INFO     | main:generate_text:115 - Generated response: Hello, Hello. Hello, Hello. Hello. Hello. Hello. Hello. Hello. Hello. Hello. Hello. Hello. Hello. Hello. Hello. Hello. Hello. Hello. Hello. Hello. Hello. Hello. Hello. Hello. Hello. Hello. Hello. Hello. Hello. Hello. Hello. Hello. Hello. Hello. Hello. Hello. Hello. Hello. Hello. Hello. Hello. Hello. Hello. Hello. Hello. Hello. Hello. Hello. Hello
2026-06-10 10:41:00.243 | WARNING  | main:__init__:179 - pyttsx3 initialization failed. Text-to-speech will be disabled.
2026-06-10 10:41:00.243 | INFO     | main:__init__:181 - Speech processor initialized successfully.
2026-06-10 10:41:00.244 | DEBUG    | main:speech_to_text:189 - Processing speech-to-text.
2026-06-10 10:41:00.245 | ERROR    | main:speech_to_text:195 - Error during speech-to-text conversion: [Errno 2] No such file or directory: 'ffmpeg'
2026-06-10 10:41:02.406 | WARNING  | main:__init__:179 - pyttsx3 initialization failed. Text-to-speech will be disabled.
2026-06-10 10:41:02.406 | INFO     | main:__init__:181 - Speech processor initialized successfully.
2026-06-10 10:41:02.407 | DEBUG    | main:text_to_speech:209 - Processing text-to-speech.
2026-06-10 10:41:02.407 | INFO     | main:text_to_speech:214 - Text-to-speech conversion completed successfully.
2026-06-10 10:41:03.838 | WARNING  | main:__init__:179 - pyttsx3 initialization failed. Text-to-speech will be disabled.
2026-06-10 10:41:03.839 | INFO     | main:__init__:181 - Speech processor initialized successfully.
