2026-06-10 10:52:15.595 | INFO     | main:<module>:39 - Application startup
2026-06-10 10:52:16.630 | INFO     | main:__init__:112 - NLP model loaded successfully.
2026-06-10 10:52:16.700 | INFO     | main:__init__:140 - CV model loaded successfully.
2026-06-10 10:52:18.206 | WARNING  | main:__init__:216 - pyttsx3 initialization failed. Text-to-speech will be disabled.
2026-06-10 10:52:18.207 | INFO     | main:__init__:218 - Speech processor initialized successfully.
2026-06-10 10:52:18.610 | INFO     | main:__init__:140 - CV model loaded successfully.
2026-06-10 10:52:18.611 | DEBUG    | main:detect_objects:147 - Detecting objects in the image.
2026-06-10 10:52:18.926 | INFO     | main:detect_objects:150 - Object detection completed successfully.
2026-06-10 10:52:18.989 | INFO     | main:__init__:140 - CV model loaded successfully.
2026-06-10 10:52:19.002 | DEBUG    | main:generate_text:120 - Generating text for prompt: test
2026-06-10 10:52:19.122 | INFO     | main:generate_text:125 - Generated response: test
2026-06-10 10:52:19.140 | DEBUG    | main:detect_objects:147 - Detecting objects in the image.
2026-06-10 10:52:19.370 | INFO     | main:detect_objects:150 - Object detection completed successfully.
2026-06-10 10:52:19.386 | DEBUG    | main:speech_to_text:226 - Processing speech-to-text.
2026-06-10 10:52:19.387 | INFO     | main:speech_to_text:229 - Speech-to-text conversion completed successfully.
2026-06-10 10:52:20.176 | INFO     | main:__init__:112 - NLP model loaded successfully.
2026-06-10 10:52:20.249 | INFO     | main:__init__:140 - CV model loaded successfully.
2026-06-10 10:52:20.252 | WARNING  | main:__init__:216 - pyttsx3 initialization failed. Text-to-speech will be disabled.
2026-06-10 10:52:20.253 | INFO     | main:__init__:218 - Speech processor initialized successfully.
2026-06-10 10:52:20.254 | DEBUG    | main:generate_text:120 - Generating text for prompt: Hello
2026-06-10 10:52:24.660 | INFO     | main:generate_text:125 - Generated response: Hello, Hello. Hello, Hello. Hello. Hello. Hello. Hello. Hello. Hello. Hello. Hello. Hello. Hello. Hello. Hello. Hello. Hello. Hello. Hello. Hello. Hello. Hello. Hello. Hello. Hello. Hello. Hello. Hello. Hello. Hello. Hello. Hello. Hello. Hello. Hello. Hello. Hello. Hello. Hello. Hello. Hello. Hello. Hello. Hello. Hello. Hello. Hello. Hello. Hello
2026-06-10 10:52:25.726 | INFO     | main:__init__:112 - NLP model loaded successfully.
2026-06-10 10:52:25.786 | INFO     | main:__init__:140 - CV model loaded successfully.
2026-06-10 10:52:25.789 | WARNING  | main:__init__:216 - pyttsx3 initialization failed. Text-to-speech will be disabled.
2026-06-10 10:52:25.789 | INFO     | main:__init__:218 - Speech processor initialized successfully.
2026-06-10 10:52:25.790 | DEBUG    | main:detect_objects:147 - Detecting objects in the image.
2026-06-10 10:52:26.011 | INFO     | main:detect_objects:150 - Object detection completed successfully.
2026-06-10 10:52:26.909 | INFO     | main:__init__:112 - NLP model loaded successfully.
2026-06-10 10:52:26.968 | INFO     | main:__init__:140 - CV model loaded successfully.
2026-06-10 10:52:26.971 | WARNING  | main:__init__:216 - pyttsx3 initialization failed. Text-to-speech will be disabled.
2026-06-10 10:52:26.971 | INFO     | main:__init__:218 - Speech processor initialized successfully.
2026-06-10 10:52:26.972 | DEBUG    | main:speech_to_text:226 - Processing speech-to-text.
2026-06-10 10:52:26.973 | INFO     | main:speech_to_text:229 - Speech-to-text conversion completed successfully.
2026-06-10 10:52:27.812 | INFO     | main:__init__:112 - NLP model loaded successfully.
2026-06-10 10:52:27.812 | DEBUG    | main:generate_text:120 - Generating text for prompt: Hello
2026-06-10 10:52:30.274 | INFO     | main:generate_text:125 - Generated response: Hello, Hello. Hello, Hello. Hello. Hello. Hello. Hello. Hello. Hello. Hello. Hello. Hello. Hello. Hello. Hello. Hello. Hello. Hello. Hello. Hello. Hello. Hello. Hello. Hello. Hello. Hello. Hello. Hello. Hello. Hello. Hello. Hello. Hello. Hello. Hello. Hello. Hello. Hello. Hello. Hello. Hello. Hello. Hello. Hello. Hello. Hello. Hello. Hello. Hello
2026-06-10 10:52:30.397 | WARNING  | main:__init__:216 - pyttsx3 initialization failed. Text-to-speech will be disabled.
2026-06-10 10:52:30.397 | INFO     | main:__init__:218 - Speech processor initialized successfully.
2026-06-10 10:52:30.399 | DEBUG    | main:speech_to_text:226 - Processing speech-to-text.
2026-06-10 10:52:30.399 | INFO     | main:speech_to_text:229 - Speech-to-text conversion completed successfully.
2026-06-10 10:52:30.404 | WARNING  | main:__init__:216 - pyttsx3 initialization failed. Text-to-speech will be disabled.
2026-06-10 10:52:30.405 | INFO     | main:__init__:218 - Speech processor initialized successfully.
2026-06-10 10:52:30.405 | DEBUG    | main:text_to_speech:246 - Processing text-to-speech.
2026-06-10 10:52:30.405 | INFO     | main:text_to_speech:251 - Text-to-speech conversion completed successfully.
2026-06-10 10:52:30.410 | WARNING  | main:__init__:216 - pyttsx3 initialization failed. Text-to-speech will be disabled.
2026-06-10 10:52:30.411 | INFO     | main:__init__:218 - Speech processor initialized successfully.
