2026-06-13 20:43:12.067 | INFO     | main:<module>:39 - Application startup
2026-06-13 20:43:28.575 | INFO     | main:__init__:106 - NLP model loaded successfully.
2026-06-13 20:43:28.659 | INFO     | main:__init__:134 - CV model loaded successfully.
2026-06-13 20:43:39.082 | WARNING  | main:__init__:208 - pyttsx3 initialization failed. Text-to-speech will be disabled.
2026-06-13 20:43:39.082 | INFO     | main:__init__:210 - Speech processor initialized successfully.
2026-06-13 20:43:39.224 | INFO     | main:__init__:134 - CV model loaded successfully.
2026-06-13 20:43:39.225 | DEBUG    | main:detect_objects:141 - Detecting objects in the image.
2026-06-13 20:43:39.536 | INFO     | main:detect_objects:144 - Object detection completed successfully.
2026-06-13 20:43:39.605 | INFO     | main:__init__:134 - CV model loaded successfully.
2026-06-13 20:43:39.615 | DEBUG    | main:generate_text:114 - Generating text for prompt: test
2026-06-13 20:43:39.719 | INFO     | main:generate_text:119 - Generated response: test
2026-06-13 20:43:39.739 | DEBUG    | main:detect_objects:141 - Detecting objects in the image.
2026-06-13 20:43:39.921 | INFO     | main:detect_objects:144 - Object detection completed successfully.
2026-06-13 20:43:39.933 | DEBUG    | main:speech_to_text:218 - Processing speech-to-text.
2026-06-13 20:43:39.948 | ERROR    | main:speech_to_text:224 - Error during speech-to-text conversion: [Errno 2] No such file or directory: 'ffmpeg'
2026-06-13 20:43:41.011 | INFO     | main:__init__:106 - NLP model loaded successfully.
2026-06-13 20:43:41.066 | INFO     | main:__init__:134 - CV model loaded successfully.
2026-06-13 20:43:42.770 | WARNING  | main:__init__:208 - pyttsx3 initialization failed. Text-to-speech will be disabled.
2026-06-13 20:43:42.770 | INFO     | main:__init__:210 - Speech processor initialized successfully.
2026-06-13 20:43:42.771 | DEBUG    | main:generate_text:114 - Generating text for prompt: Hello
2026-06-13 20:43:45.994 | INFO     | main:generate_text:119 - Generated response: Hello, Hello. Hello, Hello. Hello. Hello. Hello. Hello. Hello. Hello. Hello. Hello. Hello. Hello. Hello. Hello. Hello. Hello. Hello. Hello. Hello. Hello. Hello. Hello. Hello. Hello. Hello. Hello. Hello. Hello. Hello. Hello. Hello. Hello. Hello. Hello. Hello. Hello. Hello. Hello. Hello. Hello. Hello. Hello. Hello. Hello. Hello. Hello. Hello. Hello
2026-06-13 20:43:47.051 | INFO     | main:__init__:106 - NLP model loaded successfully.
2026-06-13 20:43:47.108 | INFO     | main:__init__:134 - CV model loaded successfully.
2026-06-13 20:43:48.533 | WARNING  | main:__init__:208 - pyttsx3 initialization failed. Text-to-speech will be disabled.
2026-06-13 20:43:48.534 | INFO     | main:__init__:210 - Speech processor initialized successfully.
2026-06-13 20:43:48.534 | DEBUG    | main:detect_objects:141 - Detecting objects in the image.
2026-06-13 20:43:48.735 | INFO     | main:detect_objects:144 - Object detection completed successfully.
2026-06-13 20:43:49.552 | INFO     | main:__init__:106 - NLP model loaded successfully.
2026-06-13 20:43:49.609 | INFO     | main:__init__:134 - CV model loaded successfully.
2026-06-13 20:43:50.997 | WARNING  | main:__init__:208 - pyttsx3 initialization failed. Text-to-speech will be disabled.
2026-06-13 20:43:50.997 | INFO     | main:__init__:210 - Speech processor initialized successfully.
2026-06-13 20:43:51.000 | DEBUG    | main:speech_to_text:218 - Processing speech-to-text.
2026-06-13 20:43:51.001 | ERROR    | main:speech_to_text:224 - Error during speech-to-text conversion: [Errno 2] No such file or directory: 'ffmpeg'
2026-06-13 20:43:52.204 | INFO     | main:__init__:106 - NLP model loaded successfully.
2026-06-13 20:43:52.205 | DEBUG    | main:generate_text:114 - Generating text for prompt: Hello
2026-06-13 20:43:53.726 | INFO     | main:generate_text:119 - Generated response: Hello, Hello. Hello, Hello. Hello. Hello. Hello. Hello. Hello. Hello. Hello. Hello. Hello. Hello. Hello. Hello. Hello. Hello. Hello. Hello. Hello. Hello. Hello. Hello. Hello. Hello. Hello. Hello. Hello. Hello. Hello. Hello. Hello. Hello. Hello. Hello. Hello. Hello. Hello. Hello. Hello. Hello. Hello. Hello. Hello. Hello. Hello. Hello. Hello. Hello
2026-06-13 20:43:55.100 | WARNING  | main:__init__:208 - pyttsx3 initialization failed. Text-to-speech will be disabled.
2026-06-13 20:43:55.100 | INFO     | main:__init__:210 - Speech processor initialized successfully.
2026-06-13 20:43:55.101 | DEBUG    | main:speech_to_text:218 - Processing speech-to-text.
2026-06-13 20:43:55.102 | ERROR    | main:speech_to_text:224 - Error during speech-to-text conversion: [Errno 2] No such file or directory: 'ffmpeg'
2026-06-13 20:43:56.582 | WARNING  | main:__init__:208 - pyttsx3 initialization failed. Text-to-speech will be disabled.
2026-06-13 20:43:56.583 | INFO     | main:__init__:210 - Speech processor initialized successfully.
2026-06-13 20:43:56.583 | DEBUG    | main:text_to_speech:238 - Processing text-to-speech.
2026-06-13 20:43:56.584 | INFO     | main:text_to_speech:243 - Text-to-speech conversion completed successfully.
2026-06-13 20:43:57.934 | WARNING  | main:__init__:208 - pyttsx3 initialization failed. Text-to-speech will be disabled.
2026-06-13 20:43:57.934 | INFO     | main:__init__:210 - Speech processor initialized successfully.
