2026-06-10 10:57:59.817 | INFO     | main:<module>:39 - Application startup
2026-06-10 10:58:00.818 | INFO     | main:__init__:112 - NLP model loaded successfully.
2026-06-10 10:58:00.885 | INFO     | main:__init__:140 - CV model loaded successfully.
2026-06-10 10:58:02.339 | WARNING  | main:__init__:216 - pyttsx3 initialization failed. Text-to-speech will be disabled.
2026-06-10 10:58:02.339 | INFO     | main:__init__:218 - Speech processor initialized successfully.
2026-06-10 10:58:03.512 | INFO     | main:__init__:112 - NLP model loaded successfully.
2026-06-10 10:58:03.572 | INFO     | main:__init__:140 - CV model loaded successfully.
2026-06-10 10:58:03.575 | WARNING  | main:__init__:216 - pyttsx3 initialization failed. Text-to-speech will be disabled.
2026-06-10 10:58:03.576 | INFO     | main:__init__:218 - Speech processor initialized successfully.
2026-06-10 10:58:03.577 | DEBUG    | main:generate_text:120 - Generating text for prompt: Hello
2026-06-10 10:58:07.475 | INFO     | main:generate_text:125 - Generated response: Hello, Hello. Hello, Hello. Hello. Hello. Hello. Hello. Hello. Hello. Hello. Hello. Hello. Hello. Hello. Hello. Hello. Hello. Hello. Hello. Hello. Hello. Hello. Hello. Hello. Hello. Hello. Hello. Hello. Hello. Hello. Hello. Hello. Hello. Hello. Hello. Hello. Hello. Hello. Hello. Hello. Hello. Hello. Hello. Hello. Hello. Hello. Hello. Hello. Hello
2026-06-10 10:58:08.270 | INFO     | main:__init__:112 - NLP model loaded successfully.
2026-06-10 10:58:08.330 | INFO     | main:__init__:140 - CV model loaded successfully.
2026-06-10 10:58:08.333 | WARNING  | main:__init__:216 - pyttsx3 initialization failed. Text-to-speech will be disabled.
2026-06-10 10:58:08.333 | INFO     | main:__init__:218 - Speech processor initialized successfully.
2026-06-10 10:58:08.338 | DEBUG    | main:detect_objects:147 - Detecting objects in the image.
2026-06-10 10:58:08.731 | INFO     | main:detect_objects:150 - Object detection completed successfully.
2026-06-10 10:58:10.387 | INFO     | main:__init__:112 - NLP model loaded successfully.
2026-06-10 10:58:10.552 | INFO     | main:__init__:140 - CV model loaded successfully.
2026-06-10 10:58:10.557 | WARNING  | main:__init__:216 - pyttsx3 initialization failed. Text-to-speech will be disabled.
2026-06-10 10:58:10.558 | INFO     | main:__init__:218 - Speech processor initialized successfully.
2026-06-10 10:58:10.562 | DEBUG    | main:speech_to_text:226 - Processing speech-to-text.
2026-06-10 10:58:10.563 | INFO     | main:speech_to_text:229 - Speech-to-text conversion completed successfully.
2026-06-10 10:58:11.783 | INFO     | main:__init__:112 - NLP model loaded successfully.
2026-06-10 10:58:11.784 | DEBUG    | main:generate_text:120 - Generating text for prompt: Hello
2026-06-10 10:58:14.695 | INFO     | main:generate_text:125 - Generated response: Hello, Hello. Hello, Hello. Hello. Hello. Hello. Hello. Hello. Hello. Hello. Hello. Hello. Hello. Hello. Hello. Hello. Hello. Hello. Hello. Hello. Hello. Hello. Hello. Hello. Hello. Hello. Hello. Hello. Hello. Hello. Hello. Hello. Hello. Hello. Hello. Hello. Hello. Hello. Hello. Hello. Hello. Hello. Hello. Hello. Hello. Hello. Hello. Hello. Hello
