2026-06-10 10:42:39.792 | INFO     | main:<module>:39 - Application startup
2026-06-10 10:42:40.808 | INFO     | main:__init__:102 - NLP model loaded successfully.
2026-06-10 10:42:40.882 | INFO     | main:__init__:130 - CV model loaded successfully.
2026-06-10 10:42:42.345 | WARNING  | main:__init__:179 - pyttsx3 initialization failed. Text-to-speech will be disabled.
2026-06-10 10:42:42.346 | INFO     | main:__init__:181 - Speech processor initialized successfully.
2026-06-10 10:42:42.502 | INFO     | main:__init__:130 - CV model loaded successfully.
2026-06-10 10:42:42.503 | DEBUG    | main:detect_objects:137 - Detecting objects in the image.
2026-06-10 10:42:43.053 | INFO     | main:detect_objects:140 - Object detection completed successfully.
2026-06-10 10:42:43.116 | INFO     | main:__init__:130 - CV model loaded successfully.
2026-06-10 10:42:43.128 | DEBUG    | main:generate_text:110 - Generating text for prompt: test
2026-06-10 10:42:43.255 | INFO     | main:generate_text:115 - Generated response: test
2026-06-10 10:42:43.272 | DEBUG    | main:detect_objects:137 - Detecting objects in the image.
2026-06-10 10:42:43.503 | INFO     | main:detect_objects:140 - Object detection completed successfully.
2026-06-10 10:42:43.516 | DEBUG    | main:speech_to_text:189 - Processing speech-to-text.
2026-06-10 10:42:43.516 | INFO     | main:speech_to_text:192 - Speech-to-text conversion completed successfully.
2026-06-10 10:42:44.329 | INFO     | main:__init__:102 - NLP model loaded successfully.
2026-06-10 10:42:44.388 | INFO     | main:__init__:130 - CV model loaded successfully.
2026-06-10 10:42:44.391 | WARNING  | main:__init__:179 - pyttsx3 initialization failed. Text-to-speech will be disabled.
2026-06-10 10:42:44.392 | INFO     | main:__init__:181 - Speech processor initialized successfully.
2026-06-10 10:42:44.392 | DEBUG    | main:generate_text:110 - Generating text for prompt: Hello
2026-06-10 10:42:48.232 | INFO     | main:generate_text:115 - Generated response: Hello, Hello. Hello, Hello. Hello. Hello. Hello. Hello. Hello. Hello. Hello. Hello. Hello. Hello. Hello. Hello. Hello. Hello. Hello. Hello. Hello. Hello. Hello. Hello. Hello. Hello. Hello. Hello. Hello. Hello. Hello. Hello. Hello. Hello. Hello. Hello. Hello. Hello. Hello. Hello. Hello. Hello. Hello. Hello. Hello. Hello. Hello. Hello. Hello. Hello
2026-06-10 10:42:49.279 | INFO     | main:__init__:102 - NLP model loaded successfully.
2026-06-10 10:42:49.336 | INFO     | main:__init__:130 - CV model loaded successfully.
2026-06-10 10:42:49.340 | WARNING  | main:__init__:179 - pyttsx3 initialization failed. Text-to-speech will be disabled.
2026-06-10 10:42:49.340 | INFO     | main:__init__:181 - Speech processor initialized successfully.
2026-06-10 10:42:49.341 | DEBUG    | main:detect_objects:137 - Detecting objects in the image.
2026-06-10 10:42:49.554 | INFO     | main:detect_objects:140 - Object detection completed successfully.
2026-06-10 10:42:50.374 | INFO     | main:__init__:102 - NLP model loaded successfully.
2026-06-10 10:42:50.432 | INFO     | main:__init__:130 - CV model loaded successfully.
2026-06-10 10:42:50.435 | WARNING  | main:__init__:179 - pyttsx3 initialization failed. Text-to-speech will be disabled.
2026-06-10 10:42:50.436 | INFO     | main:__init__:181 - Speech processor initialized successfully.
2026-06-10 10:42:50.437 | DEBUG    | main:speech_to_text:189 - Processing speech-to-text.
2026-06-10 10:42:50.437 | INFO     | main:speech_to_text:192 - Speech-to-text conversion completed successfully.
2026-06-10 10:42:51.563 | INFO     | main:__init__:102 - NLP model loaded successfully.
2026-06-10 10:42:51.564 | DEBUG    | main:generate_text:110 - Generating text for prompt: Hello
2026-06-10 10:42:53.305 | INFO     | main:generate_text:115 - Generated response: Hello, Hello. Hello, Hello. Hello. Hello. Hello. Hello. Hello. Hello. Hello. Hello. Hello. Hello. Hello. Hello. Hello. Hello. Hello. Hello. Hello. Hello. Hello. Hello. Hello. Hello. Hello. Hello. Hello. Hello. Hello. Hello. Hello. Hello. Hello. Hello. Hello. Hello. Hello. Hello. Hello. Hello. Hello. Hello. Hello. Hello. Hello. Hello. Hello. Hello
2026-06-10 10:42:53.315 | WARNING  | main:__init__:179 - pyttsx3 initialization failed. Text-to-speech will be disabled.
2026-06-10 10:42:53.315 | INFO     | main:__init__:181 - Speech processor initialized successfully.
2026-06-10 10:42:53.316 | DEBUG    | main:speech_to_text:189 - Processing speech-to-text.
2026-06-10 10:42:53.316 | INFO     | main:speech_to_text:192 - Speech-to-text conversion completed successfully.
2026-06-10 10:42:53.320 | WARNING  | main:__init__:179 - pyttsx3 initialization failed. Text-to-speech will be disabled.
2026-06-10 10:42:53.320 | INFO     | main:__init__:181 - Speech processor initialized successfully.
2026-06-10 10:42:53.321 | DEBUG    | main:text_to_speech:209 - Processing text-to-speech.
2026-06-10 10:42:53.321 | INFO     | main:text_to_speech:214 - Text-to-speech conversion completed successfully.
2026-06-10 10:42:53.325 | WARNING  | main:__init__:179 - pyttsx3 initialization failed. Text-to-speech will be disabled.
2026-06-10 10:42:53.325 | INFO     | main:__init__:181 - Speech processor initialized successfully.
