2026-06-13 20:46:02.849 | INFO     | main:<module>:39 - Application startup
2026-06-13 20:46:03.786 | INFO     | main:__init__:106 - NLP model loaded successfully.
2026-06-13 20:46:03.849 | INFO     | main:__init__:134 - CV model loaded successfully.
2026-06-13 20:46:05.247 | INFO     | main:__init__:210 - Speech processor initialized successfully.
2026-06-13 20:46:05.597 | INFO     | main:__init__:134 - CV model loaded successfully.
2026-06-13 20:46:05.598 | DEBUG    | main:detect_objects:141 - Detecting objects in the image.
2026-06-13 20:46:05.877 | INFO     | main:detect_objects:144 - Object detection completed successfully.
2026-06-13 20:46:05.938 | INFO     | main:__init__:134 - CV model loaded successfully.
2026-06-13 20:46:05.948 | DEBUG    | main:generate_text:114 - Generating text for prompt: test
2026-06-13 20:46:06.047 | INFO     | main:generate_text:119 - Generated response: test
2026-06-13 20:46:06.064 | DEBUG    | main:detect_objects:141 - Detecting objects in the image.
2026-06-13 20:46:06.244 | INFO     | main:detect_objects:144 - Object detection completed successfully.
2026-06-13 20:46:06.256 | DEBUG    | main:speech_to_text:218 - Processing speech-to-text.
2026-06-13 20:46:07.674 | INFO     | main:speech_to_text:221 - Speech-to-text conversion completed successfully.
2026-06-13 20:46:08.436 | INFO     | main:__init__:106 - NLP model loaded successfully.
2026-06-13 20:46:08.497 | INFO     | main:__init__:134 - CV model loaded successfully.
2026-06-13 20:46:09.873 | INFO     | main:__init__:210 - Speech processor initialized successfully.
2026-06-13 20:46:09.874 | DEBUG    | main:generate_text:114 - Generating text for prompt: Hello
2026-06-13 20:46:13.308 | INFO     | main:generate_text:119 - Generated response: Hello, Hello. Hello, Hello. Hello. Hello. Hello. Hello. Hello. Hello. Hello. Hello. Hello. Hello. Hello. Hello. Hello. Hello. Hello. Hello. Hello. Hello. Hello. Hello. Hello. Hello. Hello. Hello. Hello. Hello. Hello. Hello. Hello. Hello. Hello. Hello. Hello. Hello. Hello. Hello. Hello. Hello. Hello. Hello. Hello. Hello. Hello. Hello. Hello. Hello
2026-06-13 20:46:14.066 | INFO     | main:__init__:106 - NLP model loaded successfully.
2026-06-13 20:46:14.123 | INFO     | main:__init__:134 - CV model loaded successfully.
2026-06-13 20:46:15.494 | INFO     | main:__init__:210 - Speech processor initialized successfully.
2026-06-13 20:46:15.495 | DEBUG    | main:detect_objects:141 - Detecting objects in the image.
2026-06-13 20:46:15.667 | INFO     | main:detect_objects:144 - Object detection completed successfully.
2026-06-13 20:46:16.775 | INFO     | main:__init__:106 - NLP model loaded successfully.
2026-06-13 20:46:16.832 | INFO     | main:__init__:134 - CV model loaded successfully.
2026-06-13 20:46:18.200 | INFO     | main:__init__:210 - Speech processor initialized successfully.
2026-06-13 20:46:18.202 | DEBUG    | main:speech_to_text:218 - Processing speech-to-text.
2026-06-13 20:46:19.395 | INFO     | main:speech_to_text:221 - Speech-to-text conversion completed successfully.
2026-06-13 20:46:20.191 | INFO     | main:__init__:106 - NLP model loaded successfully.
2026-06-13 20:46:20.191 | DEBUG    | main:generate_text:114 - Generating text for prompt: Hello
2026-06-13 20:46:21.725 | INFO     | main:generate_text:119 - Generated response: Hello, Hello. Hello, Hello. Hello. Hello. Hello. Hello. Hello. Hello. Hello. Hello. Hello. Hello. Hello. Hello. Hello. Hello. Hello. Hello. Hello. Hello. Hello. Hello. Hello. Hello. Hello. Hello. Hello. Hello. Hello. Hello. Hello. Hello. Hello. Hello. Hello. Hello. Hello. Hello. Hello. Hello. Hello. Hello. Hello. Hello. Hello. Hello. Hello. Hello
2026-06-13 20:46:23.098 | INFO     | main:__init__:210 - Speech processor initialized successfully.
2026-06-13 20:46:23.099 | DEBUG    | main:speech_to_text:218 - Processing speech-to-text.
2026-06-13 20:46:24.096 | INFO     | main:speech_to_text:221 - Speech-to-text conversion completed successfully.
2026-06-13 20:46:25.395 | INFO     | main:__init__:210 - Speech processor initialized successfully.
2026-06-13 20:46:25.396 | DEBUG    | main:text_to_speech:238 - Processing text-to-speech.
2026-06-13 20:46:25.406 | INFO     | main:text_to_speech:243 - Text-to-speech conversion completed successfully.
2026-06-13 20:46:26.711 | INFO     | main:__init__:210 - Speech processor initialized successfully.
