2026-06-12 08:11:27.807 | INFO     | main:<module>:39 - Application startup
2026-06-12 08:11:28.798 | INFO     | main:__init__:106 - NLP model loaded successfully.
2026-06-12 08:11:28.863 | INFO     | main:__init__:134 - CV model loaded successfully.
2026-06-12 08:11:30.327 | INFO     | main:__init__:210 - Speech processor initialized successfully.
2026-06-12 08:11:30.692 | INFO     | main:__init__:134 - CV model loaded successfully.
2026-06-12 08:11:30.693 | DEBUG    | main:detect_objects:141 - Detecting objects in the image.
2026-06-12 08:11:30.981 | INFO     | main:detect_objects:144 - Object detection completed successfully.
2026-06-12 08:11:31.042 | INFO     | main:__init__:134 - CV model loaded successfully.
2026-06-12 08:11:31.051 | DEBUG    | main:generate_text:114 - Generating text for prompt: test
2026-06-12 08:11:31.154 | INFO     | main:generate_text:119 - Generated response: test
2026-06-12 08:11:31.171 | DEBUG    | main:detect_objects:141 - Detecting objects in the image.
2026-06-12 08:11:31.357 | INFO     | main:detect_objects:144 - Object detection completed successfully.
2026-06-12 08:11:31.367 | DEBUG    | main:speech_to_text:218 - Processing speech-to-text.
2026-06-12 08:11:33.327 | INFO     | main:speech_to_text:221 - Speech-to-text conversion completed successfully.
2026-06-12 08:11:34.272 | INFO     | main:__init__:106 - NLP model loaded successfully.
2026-06-12 08:11:34.451 | INFO     | main:__init__:134 - CV model loaded successfully.
2026-06-12 08:11:36.554 | INFO     | main:__init__:210 - Speech processor initialized successfully.
2026-06-12 08:11:36.556 | DEBUG    | main:generate_text:114 - Generating text for prompt: Hello
2026-06-12 08:11:40.678 | INFO     | main:generate_text:119 - Generated response: Hello, Hello. Hello, Hello. Hello. Hello. Hello. Hello. Hello. Hello. Hello. Hello. Hello. Hello. Hello. Hello. Hello. Hello. Hello. Hello. Hello. Hello. Hello. Hello. Hello. Hello. Hello. Hello. Hello. Hello. Hello. Hello. Hello. Hello. Hello. Hello. Hello. Hello. Hello. Hello. Hello. Hello. Hello. Hello. Hello. Hello. Hello. Hello. Hello. Hello
2026-06-12 08:11:41.494 | INFO     | main:__init__:106 - NLP model loaded successfully.
2026-06-12 08:11:41.554 | INFO     | main:__init__:134 - CV model loaded successfully.
2026-06-12 08:11:43.017 | INFO     | main:__init__:210 - Speech processor initialized successfully.
2026-06-12 08:11:43.018 | DEBUG    | main:detect_objects:141 - Detecting objects in the image.
2026-06-12 08:11:43.226 | INFO     | main:detect_objects:144 - Object detection completed successfully.
2026-06-12 08:11:44.318 | INFO     | main:__init__:106 - NLP model loaded successfully.
2026-06-12 08:11:44.377 | INFO     | main:__init__:134 - CV model loaded successfully.
2026-06-12 08:11:45.777 | INFO     | main:__init__:210 - Speech processor initialized successfully.
2026-06-12 08:11:45.779 | DEBUG    | main:speech_to_text:218 - Processing speech-to-text.
2026-06-12 08:11:47.055 | INFO     | main:speech_to_text:221 - Speech-to-text conversion completed successfully.
2026-06-12 08:11:47.882 | INFO     | main:__init__:106 - NLP model loaded successfully.
2026-06-12 08:11:47.882 | DEBUG    | main:generate_text:114 - Generating text for prompt: Hello
2026-06-12 08:11:50.007 | INFO     | main:generate_text:119 - Generated response: Hello, Hello. Hello, Hello. Hello. Hello. Hello. Hello. Hello. Hello. Hello. Hello. Hello. Hello. Hello. Hello. Hello. Hello. Hello. Hello. Hello. Hello. Hello. Hello. Hello. Hello. Hello. Hello. Hello. Hello. Hello. Hello. Hello. Hello. Hello. Hello. Hello. Hello. Hello. Hello. Hello. Hello. Hello. Hello. Hello. Hello. Hello. Hello. Hello. Hello
2026-06-12 08:11:51.401 | INFO     | main:__init__:210 - Speech processor initialized successfully.
2026-06-12 08:11:51.402 | DEBUG    | main:speech_to_text:218 - Processing speech-to-text.
2026-06-12 08:11:52.717 | INFO     | main:speech_to_text:221 - Speech-to-text conversion completed successfully.
2026-06-12 08:11:54.075 | INFO     | main:__init__:210 - Speech processor initialized successfully.
2026-06-12 08:11:54.076 | DEBUG    | main:text_to_speech:238 - Processing text-to-speech.
2026-06-12 08:11:54.088 | INFO     | main:text_to_speech:243 - Text-to-speech conversion completed successfully.
2026-06-12 08:11:55.404 | INFO     | main:__init__:210 - Speech processor initialized successfully.
