2026-06-12 08:20:06.473 | INFO     | main:<module>:39 - Application startup
2026-06-12 08:20:07.865 | INFO     | main:__init__:106 - NLP model loaded successfully.
2026-06-12 08:20:07.933 | INFO     | main:__init__:134 - CV model loaded successfully.
2026-06-12 08:20:09.449 | INFO     | main:__init__:210 - Speech processor initialized successfully.
2026-06-12 08:20:09.852 | INFO     | main:__init__:134 - CV model loaded successfully.
2026-06-12 08:20:09.853 | DEBUG    | main:detect_objects:141 - Detecting objects in the image.
2026-06-12 08:20:10.185 | INFO     | main:detect_objects:144 - Object detection completed successfully.
2026-06-12 08:20:10.266 | INFO     | main:__init__:134 - CV model loaded successfully.
2026-06-12 08:20:10.278 | DEBUG    | main:generate_text:114 - Generating text for prompt: test
2026-06-12 08:20:10.387 | INFO     | main:generate_text:119 - Generated response: test
2026-06-12 08:20:10.404 | DEBUG    | main:detect_objects:141 - Detecting objects in the image.
2026-06-12 08:20:10.595 | INFO     | main:detect_objects:144 - Object detection completed successfully.
2026-06-12 08:20:10.607 | DEBUG    | main:speech_to_text:218 - Processing speech-to-text.
2026-06-12 08:20:12.141 | INFO     | main:speech_to_text:221 - Speech-to-text conversion completed successfully.
2026-06-12 08:20:13.279 | INFO     | main:__init__:106 - NLP model loaded successfully.
2026-06-12 08:20:13.337 | INFO     | main:__init__:134 - CV model loaded successfully.
2026-06-12 08:20:14.754 | INFO     | main:__init__:210 - Speech processor initialized successfully.
2026-06-12 08:20:14.755 | DEBUG    | main:generate_text:114 - Generating text for prompt: Hello
2026-06-12 08:20:18.649 | INFO     | main:generate_text:119 - Generated response: Hello, Hello. Hello, Hello. Hello. Hello. Hello. Hello. Hello. Hello. Hello. Hello. Hello. Hello. Hello. Hello. Hello. Hello. Hello. Hello. Hello. Hello. Hello. Hello. Hello. Hello. Hello. Hello. Hello. Hello. Hello. Hello. Hello. Hello. Hello. Hello. Hello. Hello. Hello. Hello. Hello. Hello. Hello. Hello. Hello. Hello. Hello. Hello. Hello. Hello
2026-06-12 08:20:19.868 | INFO     | main:__init__:106 - NLP model loaded successfully.
2026-06-12 08:20:19.929 | INFO     | main:__init__:134 - CV model loaded successfully.
2026-06-12 08:20:21.383 | INFO     | main:__init__:210 - Speech processor initialized successfully.
2026-06-12 08:20:21.384 | DEBUG    | main:detect_objects:141 - Detecting objects in the image.
2026-06-12 08:20:21.635 | INFO     | main:detect_objects:144 - Object detection completed successfully.
2026-06-12 08:20:23.046 | INFO     | main:__init__:106 - NLP model loaded successfully.
2026-06-12 08:20:23.105 | INFO     | main:__init__:134 - CV model loaded successfully.
2026-06-12 08:20:24.493 | INFO     | main:__init__:210 - Speech processor initialized successfully.
2026-06-12 08:20:24.495 | DEBUG    | main:speech_to_text:218 - Processing speech-to-text.
2026-06-12 08:20:25.757 | INFO     | main:speech_to_text:221 - Speech-to-text conversion completed successfully.
2026-06-12 08:20:26.992 | INFO     | main:__init__:106 - NLP model loaded successfully.
2026-06-12 08:20:26.992 | DEBUG    | main:generate_text:114 - Generating text for prompt: Hello
2026-06-12 08:20:29.073 | INFO     | main:generate_text:119 - Generated response: Hello, Hello. Hello, Hello. Hello. Hello. Hello. Hello. Hello. Hello. Hello. Hello. Hello. Hello. Hello. Hello. Hello. Hello. Hello. Hello. Hello. Hello. Hello. Hello. Hello. Hello. Hello. Hello. Hello. Hello. Hello. Hello. Hello. Hello. Hello. Hello. Hello. Hello. Hello. Hello. Hello. Hello. Hello. Hello. Hello. Hello. Hello. Hello. Hello. Hello
2026-06-12 08:20:30.508 | INFO     | main:__init__:210 - Speech processor initialized successfully.
2026-06-12 08:20:30.509 | DEBUG    | main:speech_to_text:218 - Processing speech-to-text.
2026-06-12 08:20:32.012 | INFO     | main:speech_to_text:221 - Speech-to-text conversion completed successfully.
2026-06-12 08:20:33.358 | INFO     | main:__init__:210 - Speech processor initialized successfully.
2026-06-12 08:20:33.359 | DEBUG    | main:text_to_speech:238 - Processing text-to-speech.
2026-06-12 08:20:33.370 | INFO     | main:text_to_speech:243 - Text-to-speech conversion completed successfully.
2026-06-12 08:20:34.834 | INFO     | main:__init__:210 - Speech processor initialized successfully.
