2026-06-10 10:41:49.738 | INFO     | main:<module>:39 - Application startup
2026-06-10 10:41:50.720 | INFO     | main:__init__:102 - NLP model loaded successfully.
2026-06-10 10:41:50.787 | INFO     | main:__init__:130 - CV model loaded successfully.
2026-06-10 10:41:52.232 | WARNING  | main:__init__:179 - pyttsx3 initialization failed. Text-to-speech will be disabled.
2026-06-10 10:41:52.233 | INFO     | main:__init__:181 - Speech processor initialized successfully.
2026-06-10 10:41:52.359 | INFO     | main:__init__:130 - CV model loaded successfully.
2026-06-10 10:41:52.360 | DEBUG    | main:detect_objects:137 - Detecting objects in the image.
2026-06-10 10:41:52.923 | INFO     | main:detect_objects:140 - Object detection completed successfully.
2026-06-10 10:41:52.986 | INFO     | main:__init__:130 - CV model loaded successfully.
2026-06-10 10:41:52.996 | DEBUG    | main:generate_text:110 - Generating text for prompt: test
2026-06-10 10:41:53.116 | INFO     | main:generate_text:115 - Generated response: test
2026-06-10 10:41:53.133 | DEBUG    | main:detect_objects:137 - Detecting objects in the image.
2026-06-10 10:41:53.352 | INFO     | main:detect_objects:140 - Object detection completed successfully.
2026-06-10 10:41:53.364 | DEBUG    | main:speech_to_text:189 - Processing speech-to-text.
2026-06-10 10:41:53.366 | ERROR    | main:speech_to_text:195 - Error during speech-to-text conversion: [Errno 2] No such file or directory: 'ffmpeg'
2026-06-10 10:41:54.369 | INFO     | main:__init__:102 - NLP model loaded successfully.
2026-06-10 10:41:54.443 | INFO     | main:__init__:130 - CV model loaded successfully.
2026-06-10 10:41:54.446 | WARNING  | main:__init__:179 - pyttsx3 initialization failed. Text-to-speech will be disabled.
2026-06-10 10:41:54.446 | INFO     | main:__init__:181 - Speech processor initialized successfully.
2026-06-10 10:41:54.447 | DEBUG    | main:generate_text:110 - Generating text for prompt: Hello
2026-06-10 10:41:58.333 | INFO     | main:generate_text:115 - Generated response: Hello, Hello. Hello, Hello. Hello. Hello. Hello. Hello. Hello. Hello. Hello. Hello. Hello. Hello. Hello. Hello. Hello. Hello. Hello. Hello. Hello. Hello. Hello. Hello. Hello. Hello. Hello. Hello. Hello. Hello. Hello. Hello. Hello. Hello. Hello. Hello. Hello. Hello. Hello. Hello. Hello. Hello. Hello. Hello. Hello. Hello. Hello. Hello. Hello. Hello
2026-06-10 10:41:59.364 | INFO     | main:__init__:102 - NLP model loaded successfully.
2026-06-10 10:41:59.428 | INFO     | main:__init__:130 - CV model loaded successfully.
2026-06-10 10:41:59.431 | WARNING  | main:__init__:179 - pyttsx3 initialization failed. Text-to-speech will be disabled.
2026-06-10 10:41:59.431 | INFO     | main:__init__:181 - Speech processor initialized successfully.
2026-06-10 10:41:59.432 | DEBUG    | main:detect_objects:137 - Detecting objects in the image.
2026-06-10 10:41:59.646 | INFO     | main:detect_objects:140 - Object detection completed successfully.
2026-06-10 10:42:00.474 | INFO     | main:__init__:102 - NLP model loaded successfully.
2026-06-10 10:42:00.532 | INFO     | main:__init__:130 - CV model loaded successfully.
2026-06-10 10:42:00.536 | WARNING  | main:__init__:179 - pyttsx3 initialization failed. Text-to-speech will be disabled.
2026-06-10 10:42:00.536 | INFO     | main:__init__:181 - Speech processor initialized successfully.
2026-06-10 10:42:00.537 | DEBUG    | main:speech_to_text:189 - Processing speech-to-text.
2026-06-10 10:42:00.537 | INFO     | main:speech_to_text:192 - Speech-to-text conversion completed successfully.
2026-06-10 10:42:01.607 | INFO     | main:__init__:102 - NLP model loaded successfully.
2026-06-10 10:42:01.607 | DEBUG    | main:generate_text:110 - Generating text for prompt: Hello
2026-06-10 10:42:03.346 | INFO     | main:generate_text:115 - Generated response: Hello, Hello. Hello, Hello. Hello. Hello. Hello. Hello. Hello. Hello. Hello. Hello. Hello. Hello. Hello. Hello. Hello. Hello. Hello. Hello. Hello. Hello. Hello. Hello. Hello. Hello. Hello. Hello. Hello. Hello. Hello. Hello. Hello. Hello. Hello. Hello. Hello. Hello. Hello. Hello. Hello. Hello. Hello. Hello. Hello. Hello. Hello. Hello. Hello. Hello
2026-06-10 10:42:03.356 | WARNING  | main:__init__:179 - pyttsx3 initialization failed. Text-to-speech will be disabled.
2026-06-10 10:42:03.357 | INFO     | main:__init__:181 - Speech processor initialized successfully.
2026-06-10 10:42:03.357 | DEBUG    | main:speech_to_text:189 - Processing speech-to-text.
2026-06-10 10:42:03.357 | INFO     | main:speech_to_text:192 - Speech-to-text conversion completed successfully.
2026-06-10 10:42:03.361 | WARNING  | main:__init__:179 - pyttsx3 initialization failed. Text-to-speech will be disabled.
2026-06-10 10:42:03.362 | INFO     | main:__init__:181 - Speech processor initialized successfully.
2026-06-10 10:42:03.362 | DEBUG    | main:text_to_speech:209 - Processing text-to-speech.
2026-06-10 10:42:03.362 | INFO     | main:text_to_speech:214 - Text-to-speech conversion completed successfully.
2026-06-10 10:42:03.366 | WARNING  | main:__init__:179 - pyttsx3 initialization failed. Text-to-speech will be disabled.
2026-06-10 10:42:03.367 | INFO     | main:__init__:181 - Speech processor initialized successfully.
