2026-06-10 10:38:48.151 | INFO     | main:<module>:39 - Application startup
2026-06-10 10:38:49.152 | INFO     | main:__init__:102 - NLP model loaded successfully.
2026-06-10 10:38:49.220 | INFO     | main:__init__:130 - CV model loaded successfully.
2026-06-10 10:38:50.739 | WARNING  | main:__init__:179 - pyttsx3 initialization failed. Text-to-speech will be disabled.
2026-06-10 10:38:50.739 | INFO     | main:__init__:181 - Speech processor initialized successfully.
2026-06-10 10:38:50.865 | INFO     | main:__init__:130 - CV model loaded successfully.
2026-06-10 10:38:50.866 | DEBUG    | main:detect_objects:137 - Detecting objects in the image.
2026-06-10 10:38:51.605 | INFO     | main:detect_objects:140 - Object detection completed successfully.
2026-06-10 10:38:51.675 | INFO     | main:__init__:130 - CV model loaded successfully.
2026-06-10 10:38:51.687 | DEBUG    | main:generate_text:110 - Generating text for prompt: test
2026-06-10 10:38:51.827 | INFO     | main:generate_text:115 - Generated response: test
2026-06-10 10:38:51.849 | DEBUG    | main:detect_objects:137 - Detecting objects in the image.
2026-06-10 10:38:52.117 | INFO     | main:detect_objects:140 - Object detection completed successfully.
2026-06-10 10:38:52.130 | DEBUG    | main:speech_to_text:189 - Processing speech-to-text.
2026-06-10 10:38:52.134 | ERROR    | main:speech_to_text:195 - Error during speech-to-text conversion: [Errno 2] No such file or directory: 'ffmpeg'
2026-06-10 10:38:53.048 | INFO     | main:__init__:102 - NLP model loaded successfully.
2026-06-10 10:38:53.049 | DEBUG    | main:generate_text:110 - Generating text for prompt: Hello
2026-06-10 10:38:55.015 | INFO     | main:generate_text:115 - Generated response: Hello, Hello. Hello, Hello. Hello. Hello. Hello. Hello. Hello. Hello. Hello. Hello. Hello. Hello. Hello. Hello. Hello. Hello. Hello. Hello. Hello. Hello. Hello. Hello. Hello. Hello. Hello. Hello. Hello. Hello. Hello. Hello. Hello. Hello. Hello. Hello. Hello. Hello. Hello. Hello. Hello. Hello. Hello. Hello. Hello. Hello. Hello. Hello. Hello. Hello
2026-06-10 10:38:56.815 | WARNING  | main:__init__:179 - pyttsx3 initialization failed. Text-to-speech will be disabled.
2026-06-10 10:38:56.815 | INFO     | main:__init__:181 - Speech processor initialized successfully.
2026-06-10 10:38:56.816 | DEBUG    | main:speech_to_text:189 - Processing speech-to-text.
2026-06-10 10:38:56.817 | ERROR    | main:speech_to_text:195 - Error during speech-to-text conversion: [Errno 2] No such file or directory: 'ffmpeg'
2026-06-10 10:38:59.918 | WARNING  | main:__init__:179 - pyttsx3 initialization failed. Text-to-speech will be disabled.
2026-06-10 10:38:59.919 | INFO     | main:__init__:181 - Speech processor initialized successfully.
2026-06-10 10:38:59.920 | DEBUG    | main:text_to_speech:209 - Processing text-to-speech.
2026-06-10 10:38:59.920 | INFO     | main:text_to_speech:214 - Text-to-speech conversion completed successfully.
2026-06-10 10:39:01.436 | WARNING  | main:__init__:179 - pyttsx3 initialization failed. Text-to-speech will be disabled.
2026-06-10 10:39:01.437 | INFO     | main:__init__:181 - Speech processor initialized successfully.
