2026-06-08 17:42:17.174 | INFO     | main:<module>:34 - Application startup
2026-06-08 17:42:18.163 | INFO     | main:__init__:97 - NLP model loaded successfully.
2026-06-08 17:42:18.230 | INFO     | main:__init__:122 - CV model loaded successfully.
2026-06-08 17:42:19.670 | INFO     | main:__init__:170 - Speech processor initialized successfully.
2026-06-08 17:42:19.795 | INFO     | main:__init__:122 - CV model loaded successfully.
2026-06-08 17:42:19.797 | DEBUG    | main:detect_objects:129 - Detecting objects in the image.
2026-06-08 17:42:20.340 | INFO     | main:detect_objects:132 - Object detection completed successfully.
2026-06-08 17:42:20.408 | INFO     | main:__init__:122 - CV model loaded successfully.
2026-06-08 17:42:20.417 | DEBUG    | main:generate_text:105 - Generating text for prompt: test
2026-06-08 17:42:20.539 | INFO     | main:generate_text:110 - Generated response: test
2026-06-08 17:42:20.556 | DEBUG    | main:detect_objects:129 - Detecting objects in the image.
2026-06-08 17:42:20.772 | INFO     | main:detect_objects:132 - Object detection completed successfully.
2026-06-08 17:42:20.783 | DEBUG    | main:speech_to_text:179 - Processing speech-to-text.
2026-06-08 17:42:22.384 | INFO     | main:speech_to_text:182 - Speech-to-text conversion completed successfully.
2026-06-08 17:42:23.176 | INFO     | main:__init__:97 - NLP model loaded successfully.
2026-06-08 17:42:23.236 | INFO     | main:__init__:122 - CV model loaded successfully.
2026-06-08 17:42:24.942 | INFO     | main:__init__:170 - Speech processor initialized successfully.
2026-06-08 17:42:24.943 | DEBUG    | main:generate_text:105 - Generating text for prompt: Hello
2026-06-08 17:42:28.927 | INFO     | main:generate_text:110 - Generated response: Hello, Hello. Hello, Hello. Hello. Hello. Hello. Hello. Hello. Hello. Hello. Hello. Hello. Hello. Hello. Hello. Hello. Hello. Hello. Hello. Hello. Hello. Hello. Hello. Hello. Hello. Hello. Hello. Hello. Hello. Hello. Hello. Hello. Hello. Hello. Hello. Hello. Hello. Hello. Hello. Hello. Hello. Hello. Hello. Hello. Hello. Hello. Hello. Hello. Hello
2026-06-08 17:42:29.803 | INFO     | main:__init__:97 - NLP model loaded successfully.
2026-06-08 17:42:29.862 | INFO     | main:__init__:122 - CV model loaded successfully.
2026-06-08 17:42:31.477 | INFO     | main:__init__:170 - Speech processor initialized successfully.
2026-06-08 17:42:31.478 | DEBUG    | main:detect_objects:129 - Detecting objects in the image.
2026-06-08 17:42:31.759 | INFO     | main:detect_objects:132 - Object detection completed successfully.
2026-06-08 17:42:32.869 | INFO     | main:__init__:97 - NLP model loaded successfully.
2026-06-08 17:42:32.928 | INFO     | main:__init__:122 - CV model loaded successfully.
2026-06-08 17:42:34.672 | INFO     | main:__init__:170 - Speech processor initialized successfully.
2026-06-08 17:42:34.674 | DEBUG    | main:speech_to_text:179 - Processing speech-to-text.
2026-06-08 17:42:36.082 | INFO     | main:speech_to_text:182 - Speech-to-text conversion completed successfully.
2026-06-08 17:42:36.917 | INFO     | main:__init__:97 - NLP model loaded successfully.
2026-06-08 17:42:36.918 | DEBUG    | main:generate_text:105 - Generating text for prompt: Hello
2026-06-08 17:42:38.700 | INFO     | main:generate_text:110 - Generated response: Hello, Hello. Hello, Hello. Hello. Hello. Hello. Hello. Hello. Hello. Hello. Hello. Hello. Hello. Hello. Hello. Hello. Hello. Hello. Hello. Hello. Hello. Hello. Hello. Hello. Hello. Hello. Hello. Hello. Hello. Hello. Hello. Hello. Hello. Hello. Hello. Hello. Hello. Hello. Hello. Hello. Hello. Hello. Hello. Hello. Hello. Hello. Hello. Hello. Hello
2026-06-08 17:42:40.863 | INFO     | main:__init__:170 - Speech processor initialized successfully.
2026-06-08 17:42:40.866 | DEBUG    | main:speech_to_text:179 - Processing speech-to-text.
2026-06-08 17:42:42.692 | INFO     | main:speech_to_text:182 - Speech-to-text conversion completed successfully.
2026-06-08 17:42:44.246 | INFO     | main:__init__:170 - Speech processor initialized successfully.
2026-06-08 17:42:44.247 | DEBUG    | main:text_to_speech:196 - Processing text-to-speech.
2026-06-08 17:42:44.260 | INFO     | main:text_to_speech:199 - Text-to-speech conversion completed successfully.
2026-06-08 17:42:45.606 | INFO     | main:__init__:170 - Speech processor initialized successfully.
