2026-06-12 09:27:22.354 | INFO     | main:<module>:39 - Application startup
2026-06-12 09:27:23.304 | INFO     | main:__init__:106 - NLP model loaded successfully.
2026-06-12 09:27:23.377 | INFO     | main:__init__:134 - CV model loaded successfully.
2026-06-12 09:27:24.860 | INFO     | main:__init__:210 - Speech processor initialized successfully.
2026-06-12 09:27:25.226 | INFO     | main:__init__:134 - CV model loaded successfully.
2026-06-12 09:27:25.227 | DEBUG    | main:detect_objects:141 - Detecting objects in the image.
2026-06-12 09:27:25.541 | INFO     | main:detect_objects:144 - Object detection completed successfully.
2026-06-12 09:27:25.608 | INFO     | main:__init__:134 - CV model loaded successfully.
2026-06-12 09:27:25.618 | DEBUG    | main:generate_text:114 - Generating text for prompt: test
2026-06-12 09:27:25.747 | INFO     | main:generate_text:119 - Generated response: test
2026-06-12 09:27:25.763 | DEBUG    | main:detect_objects:141 - Detecting objects in the image.
2026-06-12 09:27:25.954 | INFO     | main:detect_objects:144 - Object detection completed successfully.
2026-06-12 09:27:25.965 | DEBUG    | main:speech_to_text:218 - Processing speech-to-text.
2026-06-12 09:27:27.805 | INFO     | main:speech_to_text:221 - Speech-to-text conversion completed successfully.
2026-06-12 09:27:28.541 | INFO     | main:__init__:106 - NLP model loaded successfully.
2026-06-12 09:27:28.869 | INFO     | main:__init__:134 - CV model loaded successfully.
2026-06-12 09:27:31.863 | INFO     | main:__init__:210 - Speech processor initialized successfully.
2026-06-12 09:27:31.865 | DEBUG    | main:generate_text:114 - Generating text for prompt: Hello
2026-06-12 09:27:35.176 | INFO     | main:generate_text:119 - Generated response: Hello, Hello. Hello, Hello. Hello. Hello. Hello. Hello. Hello. Hello. Hello. Hello. Hello. Hello. Hello. Hello. Hello. Hello. Hello. Hello. Hello. Hello. Hello. Hello. Hello. Hello. Hello. Hello. Hello. Hello. Hello. Hello. Hello. Hello. Hello. Hello. Hello. Hello. Hello. Hello. Hello. Hello. Hello. Hello. Hello. Hello. Hello. Hello. Hello. Hello
2026-06-12 09:27:35.996 | INFO     | main:__init__:106 - NLP model loaded successfully.
2026-06-12 09:27:36.054 | INFO     | main:__init__:134 - CV model loaded successfully.
2026-06-12 09:27:37.772 | INFO     | main:__init__:210 - Speech processor initialized successfully.
2026-06-12 09:27:37.773 | DEBUG    | main:detect_objects:141 - Detecting objects in the image.
2026-06-12 09:27:38.000 | INFO     | main:detect_objects:144 - Object detection completed successfully.
2026-06-12 09:27:39.145 | INFO     | main:__init__:106 - NLP model loaded successfully.
2026-06-12 09:27:39.202 | INFO     | main:__init__:134 - CV model loaded successfully.
2026-06-12 09:27:41.034 | INFO     | main:__init__:210 - Speech processor initialized successfully.
2026-06-12 09:27:41.036 | DEBUG    | main:speech_to_text:218 - Processing speech-to-text.
2026-06-12 09:27:42.686 | INFO     | main:speech_to_text:221 - Speech-to-text conversion completed successfully.
2026-06-12 09:27:43.521 | INFO     | main:__init__:106 - NLP model loaded successfully.
2026-06-12 09:27:43.521 | DEBUG    | main:generate_text:114 - Generating text for prompt: Hello
2026-06-12 09:27:45.866 | INFO     | main:generate_text:119 - Generated response: Hello, Hello. Hello, Hello. Hello. Hello. Hello. Hello. Hello. Hello. Hello. Hello. Hello. Hello. Hello. Hello. Hello. Hello. Hello. Hello. Hello. Hello. Hello. Hello. Hello. Hello. Hello. Hello. Hello. Hello. Hello. Hello. Hello. Hello. Hello. Hello. Hello. Hello. Hello. Hello. Hello. Hello. Hello. Hello. Hello. Hello. Hello. Hello. Hello. Hello
2026-06-12 09:27:47.278 | INFO     | main:__init__:210 - Speech processor initialized successfully.
2026-06-12 09:27:47.279 | DEBUG    | main:speech_to_text:218 - Processing speech-to-text.
2026-06-12 09:27:48.336 | INFO     | main:speech_to_text:221 - Speech-to-text conversion completed successfully.
2026-06-12 09:27:49.850 | INFO     | main:__init__:210 - Speech processor initialized successfully.
2026-06-12 09:27:49.851 | DEBUG    | main:text_to_speech:238 - Processing text-to-speech.
2026-06-12 09:27:49.862 | INFO     | main:text_to_speech:243 - Text-to-speech conversion completed successfully.
2026-06-12 09:27:51.185 | INFO     | main:__init__:210 - Speech processor initialized successfully.
